  [1m[36mActiveRecord::SchemaMigration Load (0.6ms)[0m  [1m[34mSELECT "schema_migrations"."version" FROM "schema_migrations" ORDER BY "schema_migrations"."version" ASC[0m
  [1m[36mActiveRecord::SchemaMigration Load (0.2ms)[0m  [1m[34mSELECT "schema_migrations"."version" FROM "schema_migrations" ORDER BY "schema_migrations"."version" ASC[0m
  [1m[35m (113.8ms)[0m  [1m[35mDROP DATABASE IF EXISTS "ecommerce_backend_development"[0m
  [1m[35m (116.6ms)[0m  [1m[35mDROP DATABASE IF EXISTS "ecommerce_backend_test"[0m
  [1m[35m (255.0ms)[0m  [1m[35mCREATE DATABASE "ecommerce_backend_development" ENCODING = 'unicode'[0m
  [1m[35m (253.8ms)[0m  [1m[35mCREATE DATABASE "ecommerce_backend_test" ENCODING = 'unicode'[0m
  [1m[35m (9.7ms)[0m  [1m[35mCREATE TABLE "schema_migrations" ("version" character varying NOT NULL PRIMARY KEY)[0m
  [1m[35m (7.4ms)[0m  [1m[35mCREATE TABLE "ar_internal_metadata" ("key" character varying NOT NULL PRIMARY KEY, "value" character varying, "created_at" timestamp(6) NOT NULL, "updated_at" timestamp(6) NOT NULL)[0m
  [1m[35m (0.4ms)[0m  [1m[34mSELECT pg_try_advisory_lock(7039017590593999185)[0m
  [1m[36mActiveRecord::SchemaMigration Load (1.0ms)[0m  [1m[34mSELECT "schema_migrations"."version" FROM "schema_migrations" ORDER BY "schema_migrations"."version" ASC[0m
  [1m[36mActiveRecord::InternalMetadata Load (1.6ms)[0m  [1m[34mSELECT * FROM "ar_internal_metadata" WHERE "ar_internal_metadata"."key" = $1 ORDER BY "ar_internal_metadata"."key" ASC LIMIT 1[0m  [[nil, "environment"]]
  [1m[36mActiveRecord::InternalMetadata Create (1.3ms)[0m  [1m[32mINSERT INTO "ar_internal_metadata" ("key", "value", "created_at", "updated_at") VALUES ('environment', 'development', '2025-02-07 11:33:39.685760', '2025-02-07 11:33:39.685790') RETURNING "key"[0m
  [1m[35m (0.4ms)[0m  [1m[34mSELECT pg_advisory_unlock(7039017590593999185)[0m
  [1m[36mActiveRecord::SchemaMigration Load (0.5ms)[0m  [1m[34mSELECT "schema_migrations"."version" FROM "schema_migrations" ORDER BY "schema_migrations"."version" ASC[0m
  [1m[35m (5.6ms)[0m  [1m[35mCREATE DATABASE "ecommerce_backend_development" ENCODING = 'unicode'[0m
  [1m[35m (0.7ms)[0m  [1m[35mCREATE DATABASE "ecommerce_backend_test" ENCODING = 'unicode'[0m
  [1m[36mActiveRecord::SchemaMigration Load (0.5ms)[0m  [1m[34mSELECT "schema_migrations"."version" FROM "schema_migrations" ORDER BY "schema_migrations"."version" ASC[0m
  [1m[36mActiveRecord::SchemaMigration Load (0.2ms)[0m  [1m[34mSELECT "schema_migrations"."version" FROM "schema_migrations" ORDER BY "schema_migrations"."version" ASC[0m
  [1m[35m (117.6ms)[0m  [1m[35mDROP DATABASE IF EXISTS "ecommerce_backend_development"[0m
  [1m[35m (117.6ms)[0m  [1m[35mDROP DATABASE IF EXISTS "ecommerce_backend_test"[0m
  [1m[35m (258.9ms)[0m  [1m[35mCREATE DATABASE "ecommerce_backend_development" ENCODING = 'unicode'[0m
  [1m[35m (257.3ms)[0m  [1m[35mCREATE DATABASE "ecommerce_backend_test" ENCODING = 'unicode'[0m
  [1m[35m (9.9ms)[0m  [1m[35mCREATE TABLE "schema_migrations" ("version" character varying NOT NULL PRIMARY KEY)[0m
  [1m[35m (3.7ms)[0m  [1m[35mCREATE TABLE "ar_internal_metadata" ("key" character varying NOT NULL PRIMARY KEY, "value" character varying, "created_at" timestamp(6) NOT NULL, "updated_at" timestamp(6) NOT NULL)[0m
  [1m[35m (0.2ms)[0m  [1m[34mSELECT pg_try_advisory_lock(7039017590593999185)[0m
  [1m[36mActiveRecord::SchemaMigration Load (0.4ms)[0m  [1m[34mSELECT "schema_migrations"."version" FROM "schema_migrations" ORDER BY "schema_migrations"."version" ASC[0m
  [1m[36mActiveRecord::InternalMetadata Load (0.9ms)[0m  [1m[34mSELECT * FROM "ar_internal_metadata" WHERE "ar_internal_metadata"."key" = $1 ORDER BY "ar_internal_metadata"."key" ASC LIMIT 1[0m  [[nil, "environment"]]
  [1m[36mActiveRecord::InternalMetadata Create (0.9ms)[0m  [1m[32mINSERT INTO "ar_internal_metadata" ("key", "value", "created_at", "updated_at") VALUES ('environment', 'development', '2025-02-07 11:43:06.701731', '2025-02-07 11:43:06.701735') RETURNING "key"[0m
Migrating to DeviseCreateUsers (20250207113506)
  [1m[36mTRANSACTION (0.1ms)[0m  [1m[35mBEGIN[0m
  [1m[35m (4.5ms)[0m  [1m[35mCREATE TABLE "users" ("id" bigserial primary key, "email" character varying DEFAULT '' NOT NULL, "encrypted_password" character varying DEFAULT '' NOT NULL, "reset_password_token" character varying, "reset_password_sent_at" timestamp(6), "remember_created_at" timestamp(6), "username" character varying, "first_name" character varying, "last_name" character varying, "address" character varying, "created_at" timestamp(6) NOT NULL, "updated_at" timestamp(6) NOT NULL)[0m
  [1m[35m (1.3ms)[0m  [1m[35mCREATE UNIQUE INDEX "index_users_on_email" ON "users" ("email")[0m
  [1m[35m (1.8ms)[0m  [1m[35mCREATE UNIQUE INDEX "index_users_on_reset_password_token" ON "users" ("reset_password_token")[0m
  [1m[36mActiveRecord::SchemaMigration Create (0.5ms)[0m  [1m[32mINSERT INTO "schema_migrations" ("version") VALUES ('20250207113506') RETURNING "version"[0m
  [1m[36mTRANSACTION (1.0ms)[0m  [1m[35mCOMMIT[0m
Migrating to CreateOrders (20250207113628)
  [1m[36mTRANSACTION (0.2ms)[0m  [1m[35mBEGIN[0m
  [1m[35m (6.2ms)[0m  [1m[35mCREATE TABLE "orders" ("id" bigserial primary key, "user_id" bigint NOT NULL, "status" character varying, "total_price" decimal, "created_at" timestamp(6) NOT NULL, "updated_at" timestamp(6) NOT NULL, CONSTRAINT "fk_rails_f868b47f6a"
FOREIGN KEY ("user_id")
  REFERENCES "users" ("id")
)[0m
  [1m[35m (1.4ms)[0m  [1m[35mCREATE INDEX "index_orders_on_user_id" ON "orders" ("user_id")[0m
  [1m[36mActiveRecord::SchemaMigration Create (0.2ms)[0m  [1m[32mINSERT INTO "schema_migrations" ("version") VALUES ('20250207113628') RETURNING "version"[0m
  [1m[36mTRANSACTION (0.7ms)[0m  [1m[35mCOMMIT[0m
Migrating to CreateGames (20250207114026)
  [1m[36mTRANSACTION (0.2ms)[0m  [1m[35mBEGIN[0m
  [1m[35m (20.4ms)[0m  [1m[35mCREATE TABLE "games" ("id" bigserial primary key, "title" character varying, "publisher" character varying, "developer" character varying, "image" character varying, "description" text, "price" decimal, "rating" integer, "release_date" date, "quantity" integer, "created_at" timestamp(6) NOT NULL, "updated_at" timestamp(6) NOT NULL)[0m
  [1m[36mActiveRecord::SchemaMigration Create (0.4ms)[0m  [1m[32mINSERT INTO "schema_migrations" ("version") VALUES ('20250207114026') RETURNING "version"[0m
  [1m[36mTRANSACTION (0.7ms)[0m  [1m[35mCOMMIT[0m
Migrating to CreateWishlistItems (20250207114131)
  [1m[36mTRANSACTION (0.2ms)[0m  [1m[35mBEGIN[0m
  [1m[35m (5.2ms)[0m  [1m[35mCREATE TABLE "wishlist_items" ("id" bigserial primary key, "user_id" bigint NOT NULL, "game_id" bigint NOT NULL, "created_at" timestamp(6) NOT NULL, "updated_at" timestamp(6) NOT NULL, CONSTRAINT "fk_rails_5c10acf6bc"
FOREIGN KEY ("user_id")
  REFERENCES "users" ("id")
, CONSTRAINT "fk_rails_8c9fe79869"
FOREIGN KEY ("game_id")
  REFERENCES "games" ("id")
)[0m
  [1m[35m (1.5ms)[0m  [1m[35mCREATE INDEX "index_wishlist_items_on_user_id" ON "wishlist_items" ("user_id")[0m
  [1m[35m (1.4ms)[0m  [1m[35mCREATE INDEX "index_wishlist_items_on_game_id" ON "wishlist_items" ("game_id")[0m
  [1m[36mActiveRecord::SchemaMigration Create (0.3ms)[0m  [1m[32mINSERT INTO "schema_migrations" ("version") VALUES ('20250207114131') RETURNING "version"[0m
  [1m[36mTRANSACTION (0.7ms)[0m  [1m[35mCOMMIT[0m
Migrating to CreateOrderItems (20250207114224)
  [1m[36mTRANSACTION (0.2ms)[0m  [1m[35mBEGIN[0m
  [1m[35m (4.5ms)[0m  [1m[35mCREATE TABLE "order_items" ("id" bigserial primary key, "game_id" bigint NOT NULL, "order_id" bigint NOT NULL, "created_at" timestamp(6) NOT NULL, "updated_at" timestamp(6) NOT NULL, CONSTRAINT "fk_rails_74b7c75bac"
FOREIGN KEY ("game_id")
  REFERENCES "games" ("id")
, CONSTRAINT "fk_rails_e3cb28f071"
FOREIGN KEY ("order_id")
  REFERENCES "orders" ("id")
)[0m
  [1m[35m (1.5ms)[0m  [1m[35mCREATE INDEX "index_order_items_on_game_id" ON "order_items" ("game_id")[0m
  [1m[35m (1.4ms)[0m  [1m[35mCREATE INDEX "index_order_items_on_order_id" ON "order_items" ("order_id")[0m
  [1m[36mActiveRecord::SchemaMigration Create (0.3ms)[0m  [1m[32mINSERT INTO "schema_migrations" ("version") VALUES ('20250207114224') RETURNING "version"[0m
  [1m[36mTRANSACTION (0.6ms)[0m  [1m[35mCOMMIT[0m
  [1m[35m (0.3ms)[0m  [1m[34mSELECT pg_advisory_unlock(7039017590593999185)[0m
  [1m[36mActiveRecord::SchemaMigration Load (0.3ms)[0m  [1m[34mSELECT "schema_migrations"."version" FROM "schema_migrations" ORDER BY "schema_migrations"."version" ASC[0m
  [1m[36mActiveRecord::SchemaMigration Load (0.5ms)[0m  [1m[34mSELECT "schema_migrations"."version" FROM "schema_migrations" ORDER BY "schema_migrations"."version" ASC[0m
  [1m[36mTRANSACTION (0.1ms)[0m  [1m[35mBEGIN[0m
  [1m[36mUser Exists? (18.0ms)[0m  [1m[34mSELECT 1 AS one FROM "users" WHERE "users"."email" = $1 LIMIT $2[0m  [["email", "pixelwarrior@example.com"], ["LIMIT", 1]]
  [1m[36mCACHE User Exists? (0.0ms)[0m  [1m[34mSELECT 1 AS one FROM "users" WHERE "users"."email" = $1 LIMIT $2[0m  [["email", "pixelwarrior@example.com"], ["LIMIT", 1]]
  [1m[36mUser Exists? (0.3ms)[0m  [1m[34mSELECT 1 AS one FROM "users" WHERE "users"."username" = $1 LIMIT $2[0m  [["username", "PixelWarrior"], ["LIMIT", 1]]
  [1m[36mTRANSACTION (0.2ms)[0m  [1m[31mROLLBACK[0m
  [1m[36mActiveRecord::SchemaMigration Load (0.5ms)[0m  [1m[34mSELECT "schema_migrations"."version" FROM "schema_migrations" ORDER BY "schema_migrations"."version" ASC[0m
  [1m[36mTRANSACTION (0.1ms)[0m  [1m[35mBEGIN[0m
  [1m[36mUser Exists? (17.3ms)[0m  [1m[34mSELECT 1 AS one FROM "users" WHERE "users"."email" = $1 LIMIT $2[0m  [["email", "pixelwarrior@example.com"], ["LIMIT", 1]]
  [1m[36mCACHE User Exists? (0.0ms)[0m  [1m[34mSELECT 1 AS one FROM "users" WHERE "users"."email" = $1 LIMIT $2[0m  [["email", "pixelwarrior@example.com"], ["LIMIT", 1]]
  [1m[36mUser Exists? (0.3ms)[0m  [1m[34mSELECT 1 AS one FROM "users" WHERE "users"."username" = $1 LIMIT $2[0m  [["username", "PixelWarrior"], ["LIMIT", 1]]
  [1m[36mUser Create (0.6ms)[0m  [1m[32mINSERT INTO "users" ("email", "encrypted_password", "reset_password_token", "reset_password_sent_at", "remember_created_at", "username", "first_name", "last_name", "address", "created_at", "updated_at") VALUES ($1, $2, $3, $4, $5, $6, $7, $8, $9, $10, $11) RETURNING "id"[0m  [["email", "pixelwarrior@example.com"], ["encrypted_password", "[FILTERED]"], ["reset_password_token", "[FILTERED]"], ["reset_password_sent_at", "[FILTERED]"], ["remember_created_at", nil], ["username", "PixelWarrior"], ["first_name", "Max"], ["last_name", "Power"], ["address", "123 Game Street, Pixel City, USA"], ["created_at", "2025-02-07 13:25:52.279924"], ["updated_at", "2025-02-07 13:25:52.279924"]]
  [1m[36mTRANSACTION (0.5ms)[0m  [1m[35mCOMMIT[0m
  [1m[36mTRANSACTION (0.2ms)[0m  [1m[35mBEGIN[0m
  [1m[36mUser Exists? (2.1ms)[0m  [1m[34mSELECT 1 AS one FROM "users" WHERE "users"."email" = $1 LIMIT $2[0m  [["email", "lagking@example.com"], ["LIMIT", 1]]
  [1m[36mCACHE User Exists? (0.0ms)[0m  [1m[34mSELECT 1 AS one FROM "users" WHERE "users"."email" = $1 LIMIT $2[0m  [["email", "lagking@example.com"], ["LIMIT", 1]]
  [1m[36mUser Exists? (0.2ms)[0m  [1m[34mSELECT 1 AS one FROM "users" WHERE "users"."username" = $1 LIMIT $2[0m  [["username", "LagKing"], ["LIMIT", 1]]
  [1m[36mUser Create (0.3ms)[0m  [1m[32mINSERT INTO "users" ("email", "encrypted_password", "reset_password_token", "reset_password_sent_at", "remember_created_at", "username", "first_name", "last_name", "address", "created_at", "updated_at") VALUES ($1, $2, $3, $4, $5, $6, $7, $8, $9, $10, $11) RETURNING "id"[0m  [["email", "lagking@example.com"], ["encrypted_password", "[FILTERED]"], ["reset_password_token", "[FILTERED]"], ["reset_password_sent_at", "[FILTERED]"], ["remember_created_at", nil], ["username", "LagKing"], ["first_name", "Eliot"], ["last_name", "Knight"], ["address", "456 Noob Avenue, Lag Town, USA"], ["created_at", "2025-02-07 13:25:52.599495"], ["updated_at", "2025-02-07 13:25:52.599495"]]
  [1m[36mTRANSACTION (0.9ms)[0m  [1m[35mCOMMIT[0m
  [1m[36mTRANSACTION (0.2ms)[0m  [1m[35mBEGIN[0m
  [1m[36mUser Exists? (2.1ms)[0m  [1m[34mSELECT 1 AS one FROM "users" WHERE "users"."email" = $1 LIMIT $2[0m  [["email", "manamage@example.com"], ["LIMIT", 1]]
  [1m[36mCACHE User Exists? (0.0ms)[0m  [1m[34mSELECT 1 AS one FROM "users" WHERE "users"."email" = $1 LIMIT $2[0m  [["email", "manamage@example.com"], ["LIMIT", 1]]
  [1m[36mUser Exists? (0.2ms)[0m  [1m[34mSELECT 1 AS one FROM "users" WHERE "users"."username" = $1 LIMIT $2[0m  [["username", "ManaMage"], ["LIMIT", 1]]
  [1m[36mUser Create (0.3ms)[0m  [1m[32mINSERT INTO "users" ("email", "encrypted_password", "reset_password_token", "reset_password_sent_at", "remember_created_at", "username", "first_name", "last_name", "address", "created_at", "updated_at") VALUES ($1, $2, $3, $4, $5, $6, $7, $8, $9, $10, $11) RETURNING "id"[0m  [["email", "manamage@example.com"], ["encrypted_password", "[FILTERED]"], ["reset_password_token", "[FILTERED]"], ["reset_password_sent_at", "[FILTERED]"], ["remember_created_at", nil], ["username", "ManaMage"], ["first_name", "Lina"], ["last_name", "Flame"], ["address", "789 Spell Road, Mana Valley, USA"], ["created_at", "2025-02-07 13:25:52.916942"], ["updated_at", "2025-02-07 13:25:52.916942"]]
  [1m[36mTRANSACTION (1.0ms)[0m  [1m[35mCOMMIT[0m
  [1m[36mTRANSACTION (0.1ms)[0m  [1m[35mBEGIN[0m
  [1m[36mGame Create (1.8ms)[0m  [1m[32mINSERT INTO "games" ("title", "publisher", "developer", "image", "description", "price", "rating", "release_date", "quantity", "created_at", "updated_at") VALUES ($1, $2, $3, $4, $5, $6, $7, $8, $9, $10, $11) RETURNING "id"[0m  [["title", "Kingdom Come: Deliverance"], ["publisher", "Deep Silver"], ["developer", "Warhorse Studios"], ["image", nil], ["description", "Kingdom Come: Deliverance est un RPG en monde ouvert se déroulant dans le Saint-Empire romain germanique du XVe siècle. Le jeu met l'accent sur un réalisme historique, un système de combat détaillé et une narration immersive."], ["price", "59.99"], ["rating", 9], ["release_date", "2018-02-13"], ["quantity", 50], ["created_at", "2025-02-07 13:25:52.941198"], ["updated_at", "2025-02-07 13:25:52.941198"]]
  [1m[36mTRANSACTION (0.6ms)[0m  [1m[35mCOMMIT[0m
  [1m[36mTRANSACTION (0.2ms)[0m  [1m[35mBEGIN[0m
  [1m[36mGame Create (1.5ms)[0m  [1m[32mINSERT INTO "games" ("title", "publisher", "developer", "image", "description", "price", "rating", "release_date", "quantity", "created_at", "updated_at") VALUES ($1, $2, $3, $4, $5, $6, $7, $8, $9, $10, $11) RETURNING "id"[0m  [["title", "The Elder Scrolls V: Skyrim"], ["publisher", "Bethesda Softworks"], ["developer", "Bethesda Game Studios"], ["image", nil], ["description", "Skyrim est un RPG en monde ouvert où le joueur incarne le Dernier Dragonborn. Il explore un immense monde riche en quêtes et en histoires, tout en combattant des dragons et en découvrant des secrets anciens."], ["price", "49.99"], ["rating", 10], ["release_date", "2011-11-11"], ["quantity", 0], ["created_at", "2025-02-07 13:25:52.946840"], ["updated_at", "2025-02-07 13:25:52.946840"]]
  [1m[36mTRANSACTION (0.6ms)[0m  [1m[35mCOMMIT[0m
  [1m[36mTRANSACTION (0.1ms)[0m  [1m[35mBEGIN[0m
  [1m[36mGame Create (1.9ms)[0m  [1m[32mINSERT INTO "games" ("title", "publisher", "developer", "image", "description", "price", "rating", "release_date", "quantity", "created_at", "updated_at") VALUES ($1, $2, $3, $4, $5, $6, $7, $8, $9, $10, $11) RETURNING "id"[0m  [["title", "The Witcher 3: Wild Hunt"], ["publisher", "CD Projekt Red"], ["developer", "CD Projekt Red"], ["image", nil], ["description", "Incarnez Geralt de Riv, un chasseur de monstres, dans cette aventure épique dans un monde ouvert. Avec des personnages profonds et des quêtes intenses, ce jeu est l'un des RPG les plus acclamés de tous les temps."], ["price", "39.99"], ["rating", 10], ["release_date", "2015-05-19"], ["quantity", 100], ["created_at", "2025-02-07 13:25:52.951709"], ["updated_at", "2025-02-07 13:25:52.951709"]]
  [1m[36mTRANSACTION (0.6ms)[0m  [1m[35mCOMMIT[0m
  [1m[36mTRANSACTION (0.1ms)[0m  [1m[35mBEGIN[0m
  [1m[36mGame Create (1.6ms)[0m  [1m[32mINSERT INTO "games" ("title", "publisher", "developer", "image", "description", "price", "rating", "release_date", "quantity", "created_at", "updated_at") VALUES ($1, $2, $3, $4, $5, $6, $7, $8, $9, $10, $11) RETURNING "id"[0m  [["title", "Red Dead Redemption 2"], ["publisher", "Rockstar Games"], ["developer", "Rockstar Games"], ["image", nil], ["description", "Un jeu d'action-aventure en monde ouvert où vous incarnez Arthur Morgan, un hors-la-loi du gang Van der Linde, dans l'Amérique de la fin du XIXe siècle. Un jeu époustouflant visuellement et narrativement."], ["price", "59.99"], ["rating", 10], ["release_date", "2018-10-26"], ["quantity", 30], ["created_at", "2025-02-07 13:25:52.956743"], ["updated_at", "2025-02-07 13:25:52.956743"]]
  [1m[36mTRANSACTION (0.6ms)[0m  [1m[35mCOMMIT[0m
  [1m[36mTRANSACTION (0.1ms)[0m  [1m[35mBEGIN[0m
  [1m[36mGame Create (1.5ms)[0m  [1m[32mINSERT INTO "games" ("title", "publisher", "developer", "image", "description", "price", "rating", "release_date", "quantity", "created_at", "updated_at") VALUES ($1, $2, $3, $4, $5, $6, $7, $8, $9, $10, $11) RETURNING "id"[0m  [["title", "Cyberpunk 2077"], ["publisher", "CD Projekt Red"], ["developer", "CD Projekt Red"], ["image", nil], ["description", "Cyberpunk 2077 est un RPG futuriste où vous incarnez V, un mercenaire dans la ville de Night City. Avec des choix d'histoire impactants et un monde vaste à explorer, il propose une expérience immersive."], ["price", "59.99"], ["rating", 7], ["release_date", "2020-12-10"], ["quantity", 200], ["created_at", "2025-02-07 13:25:52.961658"], ["updated_at", "2025-02-07 13:25:52.961658"]]
  [1m[36mTRANSACTION (0.6ms)[0m  [1m[35mCOMMIT[0m
  [1m[36mTRANSACTION (0.1ms)[0m  [1m[35mBEGIN[0m
  [1m[36mGame Create (1.6ms)[0m  [1m[32mINSERT INTO "games" ("title", "publisher", "developer", "image", "description", "price", "rating", "release_date", "quantity", "created_at", "updated_at") VALUES ($1, $2, $3, $4, $5, $6, $7, $8, $9, $10, $11) RETURNING "id"[0m  [["title", "Dark Souls III"], ["publisher", "Bandai Namco Entertainment"], ["developer", "FromSoftware"], ["image", nil], ["description", "Dans Dark Souls III, vous affrontez des ennemis impitoyables et des boss gigantesques dans un monde sombre et brutal. Ce jeu est reconnu pour sa difficulté et sa profondeur."], ["price", "49.99"], ["rating", 9], ["release_date", "2016-04-12"], ["quantity", 80], ["created_at", "2025-02-07 13:25:52.966613"], ["updated_at", "2025-02-07 13:25:52.966613"]]
  [1m[36mTRANSACTION (0.6ms)[0m  [1m[35mCOMMIT[0m
  [1m[36mTRANSACTION (0.1ms)[0m  [1m[35mBEGIN[0m
  [1m[36mGame Create (1.4ms)[0m  [1m[32mINSERT INTO "games" ("title", "publisher", "developer", "image", "description", "price", "rating", "release_date", "quantity", "created_at", "updated_at") VALUES ($1, $2, $3, $4, $5, $6, $7, $8, $9, $10, $11) RETURNING "id"[0m  [["title", "Horizon Zero Dawn"], ["publisher", "Sony Interactive Entertainment"], ["developer", "Guerrilla Games"], ["image", nil], ["description", "Horizon Zero Dawn est un jeu d'action-aventure en monde ouvert où vous incarnez Aloy, une chasseuse qui explore un monde peuplé de créatures robotiques. Le jeu est reconnu pour ses graphismes époustouflants et son gameplay captivant."], ["price", "49.99"], ["rating", 9], ["release_date", "2017-02-28"], ["quantity", 50], ["created_at", "2025-02-07 13:25:52.971541"], ["updated_at", "2025-02-07 13:25:52.971541"]]
  [1m[36mTRANSACTION (0.7ms)[0m  [1m[35mCOMMIT[0m
  [1m[36mTRANSACTION (0.1ms)[0m  [1m[35mBEGIN[0m
  [1m[36mGame Create (1.4ms)[0m  [1m[32mINSERT INTO "games" ("title", "publisher", "developer", "image", "description", "price", "rating", "release_date", "quantity", "created_at", "updated_at") VALUES ($1, $2, $3, $4, $5, $6, $7, $8, $9, $10, $11) RETURNING "id"[0m  [["title", "Assassin's Creed Valhalla"], ["publisher", "Ubisoft"], ["developer", "Ubisoft"], ["image", nil], ["description", "Assassin's Creed Valhalla suit les aventures d'Eivor, un viking qui explore et conquiert l'Angleterre du IXe siècle. Ce jeu est riche en exploration, en combats et en intrigues historiques."], ["price", "59.99"], ["rating", 8], ["release_date", "2020-11-10"], ["quantity", 60], ["created_at", "2025-02-07 13:25:52.976428"], ["updated_at", "2025-02-07 13:25:52.976428"]]
  [1m[36mTRANSACTION (0.6ms)[0m  [1m[35mCOMMIT[0m
  [1m[36mTRANSACTION (0.1ms)[0m  [1m[35mBEGIN[0m
  [1m[36mGame Create (1.8ms)[0m  [1m[32mINSERT INTO "games" ("title", "publisher", "developer", "image", "description", "price", "rating", "release_date", "quantity", "created_at", "updated_at") VALUES ($1, $2, $3, $4, $5, $6, $7, $8, $9, $10, $11) RETURNING "id"[0m  [["title", "Fallout 4"], ["publisher", "Bethesda Softworks"], ["developer", "Bethesda Game Studios"], ["image", nil], ["description", "Fallout 4 est un jeu de rôle en monde ouvert où vous explorez un monde post-apocalyptique après une guerre nucléaire. Vous devez survivre, trouver des alliés et résoudre des énigmes dans un environnement dévasté."], ["price", "39.99"], ["rating", 8], ["release_date", "2015-11-10"], ["quantity", 75], ["created_at", "2025-02-07 13:25:52.981234"], ["updated_at", "2025-02-07 13:25:52.981234"]]
  [1m[36mTRANSACTION (0.6ms)[0m  [1m[35mCOMMIT[0m
  [1m[36mTRANSACTION (0.1ms)[0m  [1m[35mBEGIN[0m
  [1m[36mGame Create (1.7ms)[0m  [1m[32mINSERT INTO "games" ("title", "publisher", "developer", "image", "description", "price", "rating", "release_date", "quantity", "created_at", "updated_at") VALUES ($1, $2, $3, $4, $5, $6, $7, $8, $9, $10, $11) RETURNING "id"[0m  [["title", "Minecraft"], ["publisher", "Mojang"], ["developer", "Mojang"], ["image", nil], ["description", "Minecraft est un jeu de construction en monde ouvert où les joueurs peuvent explorer, miner, construire et survivre. Il offre une créativité infinie avec un style graphique pixélisé unique."], ["price", "29.99"], ["rating", 10], ["release_date", "2011-11-18"], ["quantity", 150], ["created_at", "2025-02-07 13:25:52.986224"], ["updated_at", "2025-02-07 13:25:52.986224"]]
  [1m[36mTRANSACTION (0.6ms)[0m  [1m[35mCOMMIT[0m
  [1m[36mTRANSACTION (0.1ms)[0m  [1m[35mBEGIN[0m
  [1m[36mGame Create (1.5ms)[0m  [1m[32mINSERT INTO "games" ("title", "publisher", "developer", "image", "description", "price", "rating", "release_date", "quantity", "created_at", "updated_at") VALUES ($1, $2, $3, $4, $5, $6, $7, $8, $9, $10, $11) RETURNING "id"[0m  [["title", "The Last of Us Part II"], ["publisher", "Sony Interactive Entertainment"], ["developer", "Naughty Dog"], ["image", nil], ["description", "Incarnez Ellie, une jeune femme dans un monde post-apocalyptique où la survie est au cœur de l'histoire. Le jeu est acclamé pour sa narration poignante et son gameplay intense."], ["price", "59.99"], ["rating", 9], ["release_date", "2020-06-19"], ["quantity", 50], ["created_at", "2025-02-07 13:25:52.991144"], ["updated_at", "2025-02-07 13:25:52.991144"]]
  [1m[36mTRANSACTION (0.6ms)[0m  [1m[35mCOMMIT[0m
  [1m[36mTRANSACTION (0.1ms)[0m  [1m[35mBEGIN[0m
  [1m[36mGame Create (1.6ms)[0m  [1m[32mINSERT INTO "games" ("title", "publisher", "developer", "image", "description", "price", "rating", "release_date", "quantity", "created_at", "updated_at") VALUES ($1, $2, $3, $4, $5, $6, $7, $8, $9, $10, $11) RETURNING "id"[0m  [["title", "God of War"], ["publisher", "Sony Interactive Entertainment"], ["developer", "Santa Monica Studio"], ["image", nil], ["description", "God of War suit les aventures de Kratos et de son fils Atreus dans la mythologie nordique. Ce jeu allie exploration, combats et narration immersive."], ["price", "49.99"], ["rating", 10], ["release_date", "2018-04-20"], ["quantity", 80], ["created_at", "2025-02-07 13:25:52.996131"], ["updated_at", "2025-02-07 13:25:52.996131"]]
  [1m[36mTRANSACTION (0.6ms)[0m  [1m[35mCOMMIT[0m
  [1m[36mTRANSACTION (0.2ms)[0m  [1m[35mBEGIN[0m
  [1m[36mGame Create (1.5ms)[0m  [1m[32mINSERT INTO "games" ("title", "publisher", "developer", "image", "description", "price", "rating", "release_date", "quantity", "created_at", "updated_at") VALUES ($1, $2, $3, $4, $5, $6, $7, $8, $9, $10, $11) RETURNING "id"[0m  [["title", "Bloodborne"], ["publisher", "Sony Computer Entertainment"], ["developer", "FromSoftware"], ["image", nil], ["description", "Bloodborne est un jeu d'action-aventure où vous incarnez un chasseur dans une ville gothique envahie par des créatures effrayantes. Le jeu est réputé pour sa difficulté et son atmosphère unique."], ["price", "39.99"], ["rating", 9], ["release_date", "2015-03-24"], ["quantity", 40], ["created_at", "2025-02-07 13:25:53.001135"], ["updated_at", "2025-02-07 13:25:53.001135"]]
  [1m[36mTRANSACTION (0.6ms)[0m  [1m[35mCOMMIT[0m
  [1m[36mTRANSACTION (0.1ms)[0m  [1m[35mBEGIN[0m
  [1m[36mUser Load (0.2ms)[0m  [1m[34mSELECT "users".* FROM "users" WHERE "users"."id" = $1 LIMIT $2[0m  [["id", 1], ["LIMIT", 1]]
  [1m[36mGame Load (0.2ms)[0m  [1m[34mSELECT "games".* FROM "games" WHERE "games"."id" = $1 LIMIT $2[0m  [["id", 1], ["LIMIT", 1]]
  [1m[36mWishlistItem Exists? (0.4ms)[0m  [1m[34mSELECT 1 AS one FROM "wishlist_items" WHERE "wishlist_items"."user_id" = $1 AND "wishlist_items"."game_id" = $2 LIMIT $3[0m  [["user_id", 1], ["game_id", 1], ["LIMIT", 1]]
  [1m[36mWishlistItem Create (0.7ms)[0m  [1m[32mINSERT INTO "wishlist_items" ("user_id", "game_id", "created_at", "updated_at") VALUES ($1, $2, $3, $4) RETURNING "id"[0m  [["user_id", 1], ["game_id", 1], ["created_at", "2025-02-07 13:25:53.039521"], ["updated_at", "2025-02-07 13:25:53.039521"]]
  [1m[36mTRANSACTION (0.6ms)[0m  [1m[35mCOMMIT[0m
  [1m[36mTRANSACTION (0.1ms)[0m  [1m[35mBEGIN[0m
  [1m[36mUser Load (0.2ms)[0m  [1m[34mSELECT "users".* FROM "users" WHERE "users"."id" = $1 LIMIT $2[0m  [["id", 1], ["LIMIT", 1]]
  [1m[36mGame Load (0.2ms)[0m  [1m[34mSELECT "games".* FROM "games" WHERE "games"."id" = $1 LIMIT $2[0m  [["id", 10], ["LIMIT", 1]]
  [1m[36mWishlistItem Exists? (0.3ms)[0m  [1m[34mSELECT 1 AS one FROM "wishlist_items" WHERE "wishlist_items"."user_id" = $1 AND "wishlist_items"."game_id" = $2 LIMIT $3[0m  [["user_id", 1], ["game_id", 10], ["LIMIT", 1]]
  [1m[36mWishlistItem Create (0.4ms)[0m  [1m[32mINSERT INTO "wishlist_items" ("user_id", "game_id", "created_at", "updated_at") VALUES ($1, $2, $3, $4) RETURNING "id"[0m  [["user_id", 1], ["game_id", 10], ["created_at", "2025-02-07 13:25:53.049984"], ["updated_at", "2025-02-07 13:25:53.049984"]]
  [1m[36mTRANSACTION (0.6ms)[0m  [1m[35mCOMMIT[0m
  [1m[36mTRANSACTION (0.1ms)[0m  [1m[35mBEGIN[0m
  [1m[36mUser Load (0.3ms)[0m  [1m[34mSELECT "users".* FROM "users" WHERE "users"."id" = $1 LIMIT $2[0m  [["id", 2], ["LIMIT", 1]]
  [1m[36mGame Load (0.2ms)[0m  [1m[34mSELECT "games".* FROM "games" WHERE "games"."id" = $1 LIMIT $2[0m  [["id", 2], ["LIMIT", 1]]
  [1m[36mWishlistItem Exists? (0.3ms)[0m  [1m[34mSELECT 1 AS one FROM "wishlist_items" WHERE "wishlist_items"."user_id" = $1 AND "wishlist_items"."game_id" = $2 LIMIT $3[0m  [["user_id", 2], ["game_id", 2], ["LIMIT", 1]]
  [1m[36mWishlistItem Create (0.4ms)[0m  [1m[32mINSERT INTO "wishlist_items" ("user_id", "game_id", "created_at", "updated_at") VALUES ($1, $2, $3, $4) RETURNING "id"[0m  [["user_id", 2], ["game_id", 2], ["created_at", "2025-02-07 13:25:53.060001"], ["updated_at", "2025-02-07 13:25:53.060001"]]
  [1m[36mTRANSACTION (0.6ms)[0m  [1m[35mCOMMIT[0m
  [1m[36mTRANSACTION (0.1ms)[0m  [1m[35mBEGIN[0m
  [1m[36mUser Load (0.2ms)[0m  [1m[34mSELECT "users".* FROM "users" WHERE "users"."id" = $1 LIMIT $2[0m  [["id", 2], ["LIMIT", 1]]
  [1m[36mGame Load (0.2ms)[0m  [1m[34mSELECT "games".* FROM "games" WHERE "games"."id" = $1 LIMIT $2[0m  [["id", 1], ["LIMIT", 1]]
  [1m[36mWishlistItem Exists? (0.3ms)[0m  [1m[34mSELECT 1 AS one FROM "wishlist_items" WHERE "wishlist_items"."user_id" = $1 AND "wishlist_items"."game_id" = $2 LIMIT $3[0m  [["user_id", 2], ["game_id", 1], ["LIMIT", 1]]
  [1m[36mWishlistItem Create (0.4ms)[0m  [1m[32mINSERT INTO "wishlist_items" ("user_id", "game_id", "created_at", "updated_at") VALUES ($1, $2, $3, $4) RETURNING "id"[0m  [["user_id", 2], ["game_id", 1], ["created_at", "2025-02-07 13:25:53.069953"], ["updated_at", "2025-02-07 13:25:53.069953"]]
  [1m[36mTRANSACTION (0.6ms)[0m  [1m[35mCOMMIT[0m
  [1m[36mTRANSACTION (0.1ms)[0m  [1m[35mBEGIN[0m
  [1m[36mUser Load (0.2ms)[0m  [1m[34mSELECT "users".* FROM "users" WHERE "users"."id" = $1 LIMIT $2[0m  [["id", 3], ["LIMIT", 1]]
  [1m[36mGame Load (0.2ms)[0m  [1m[34mSELECT "games".* FROM "games" WHERE "games"."id" = $1 LIMIT $2[0m  [["id", 7], ["LIMIT", 1]]
  [1m[36mWishlistItem Exists? (0.3ms)[0m  [1m[34mSELECT 1 AS one FROM "wishlist_items" WHERE "wishlist_items"."user_id" = $1 AND "wishlist_items"."game_id" = $2 LIMIT $3[0m  [["user_id", 3], ["game_id", 7], ["LIMIT", 1]]
  [1m[36mWishlistItem Create (0.4ms)[0m  [1m[32mINSERT INTO "wishlist_items" ("user_id", "game_id", "created_at", "updated_at") VALUES ($1, $2, $3, $4) RETURNING "id"[0m  [["user_id", 3], ["game_id", 7], ["created_at", "2025-02-07 13:25:53.079879"], ["updated_at", "2025-02-07 13:25:53.079879"]]
  [1m[36mTRANSACTION (0.6ms)[0m  [1m[35mCOMMIT[0m
  [1m[36mTRANSACTION (0.2ms)[0m  [1m[35mBEGIN[0m
  [1m[36mUser Load (0.2ms)[0m  [1m[34mSELECT "users".* FROM "users" WHERE "users"."id" = $1 LIMIT $2[0m  [["id", 3], ["LIMIT", 1]]
  [1m[36mGame Load (0.3ms)[0m  [1m[34mSELECT "games".* FROM "games" WHERE "games"."id" = $1 LIMIT $2[0m  [["id", 8], ["LIMIT", 1]]
  [1m[36mWishlistItem Exists? (0.3ms)[0m  [1m[34mSELECT 1 AS one FROM "wishlist_items" WHERE "wishlist_items"."user_id" = $1 AND "wishlist_items"."game_id" = $2 LIMIT $3[0m  [["user_id", 3], ["game_id", 8], ["LIMIT", 1]]
  [1m[36mWishlistItem Create (0.4ms)[0m  [1m[32mINSERT INTO "wishlist_items" ("user_id", "game_id", "created_at", "updated_at") VALUES ($1, $2, $3, $4) RETURNING "id"[0m  [["user_id", 3], ["game_id", 8], ["created_at", "2025-02-07 13:25:53.090093"], ["updated_at", "2025-02-07 13:25:53.090093"]]
  [1m[36mTRANSACTION (0.6ms)[0m  [1m[35mCOMMIT[0m
  [1m[36mUser Load (0.7ms)[0m  [1m[34mSELECT "users".* FROM "users" ORDER BY "users"."id" ASC LIMIT $1[0m  [["LIMIT", 1]]
  [1m[36mGame Load (1.0ms)[0m  [1m[34mSELECT "games".* FROM "games" ORDER BY "games"."id" ASC LIMIT $1[0m  [["LIMIT", 1]]
  [1m[36mActiveRecord::SchemaMigration Load (0.6ms)[0m  [1m[34mSELECT "schema_migrations"."version" FROM "schema_migrations" ORDER BY "schema_migrations"."version" ASC[0m
  [1m[36mActiveRecord::InternalMetadata Load (0.6ms)[0m  [1m[34mSELECT * FROM "ar_internal_metadata" WHERE "ar_internal_metadata"."key" = $1 ORDER BY "ar_internal_metadata"."key" ASC LIMIT 1[0m  [[nil, "environment"]]
  [1m[36mActiveRecord::SchemaMigration Load (0.2ms)[0m  [1m[34mSELECT "schema_migrations"."version" FROM "schema_migrations" ORDER BY "schema_migrations"."version" ASC[0m
  [1m[36mActiveRecord::InternalMetadata Load (0.3ms)[0m  [1m[34mSELECT * FROM "ar_internal_metadata" WHERE "ar_internal_metadata"."key" = $1 ORDER BY "ar_internal_metadata"."key" ASC LIMIT 1[0m  [[nil, "environment"]]
  [1m[36mActiveRecord::SchemaMigration Load (0.2ms)[0m  [1m[34mSELECT "schema_migrations"."version" FROM "schema_migrations" ORDER BY "schema_migrations"."version" ASC[0m
  [1m[36mActiveRecord::InternalMetadata Load (0.3ms)[0m  [1m[34mSELECT * FROM "ar_internal_metadata" WHERE "ar_internal_metadata"."key" = $1 ORDER BY "ar_internal_metadata"."key" ASC LIMIT 1[0m  [[nil, "environment"]]
  [1m[35m (120.3ms)[0m  [1m[35mDROP DATABASE IF EXISTS "ecommerce_backend_development"[0m
  [1m[35m (116.7ms)[0m  [1m[35mDROP DATABASE IF EXISTS "ecommerce_backend_test"[0m
  [1m[35m (314.5ms)[0m  [1m[35mCREATE DATABASE "ecommerce_backend_development" ENCODING = 'unicode'[0m
  [1m[35m (260.1ms)[0m  [1m[35mCREATE DATABASE "ecommerce_backend_test" ENCODING = 'unicode'[0m
  [1m[35m (5.4ms)[0m  [1m[35mCREATE TABLE "schema_migrations" ("version" character varying NOT NULL PRIMARY KEY)[0m
  [1m[35m (3.9ms)[0m  [1m[35mCREATE TABLE "ar_internal_metadata" ("key" character varying NOT NULL PRIMARY KEY, "value" character varying, "created_at" timestamp(6) NOT NULL, "updated_at" timestamp(6) NOT NULL)[0m
  [1m[35m (0.2ms)[0m  [1m[34mSELECT pg_try_advisory_lock(7039017590593999185)[0m
  [1m[36mActiveRecord::SchemaMigration Load (0.5ms)[0m  [1m[34mSELECT "schema_migrations"."version" FROM "schema_migrations" ORDER BY "schema_migrations"."version" ASC[0m
  [1m[36mActiveRecord::InternalMetadata Load (0.7ms)[0m  [1m[34mSELECT * FROM "ar_internal_metadata" WHERE "ar_internal_metadata"."key" = $1 ORDER BY "ar_internal_metadata"."key" ASC LIMIT 1[0m  [[nil, "environment"]]
  [1m[36mActiveRecord::InternalMetadata Create (0.8ms)[0m  [1m[32mINSERT INTO "ar_internal_metadata" ("key", "value", "created_at", "updated_at") VALUES ('environment', 'development', '2025-02-07 13:51:50.287154', '2025-02-07 13:51:50.287159') RETURNING "key"[0m
Migrating to DeviseCreateUsers (20250207113506)
  [1m[36mTRANSACTION (0.1ms)[0m  [1m[35mBEGIN[0m
  [1m[35m (4.4ms)[0m  [1m[35mCREATE TABLE "users" ("id" bigserial primary key, "email" character varying DEFAULT '' NOT NULL, "encrypted_password" character varying DEFAULT '' NOT NULL, "reset_password_token" character varying, "reset_password_sent_at" timestamp(6), "remember_created_at" timestamp(6), "username" character varying, "first_name" character varying, "last_name" character varying, "address" character varying, "created_at" timestamp(6) NOT NULL, "updated_at" timestamp(6) NOT NULL)[0m
  [1m[35m (1.4ms)[0m  [1m[35mCREATE UNIQUE INDEX "index_users_on_email" ON "users" ("email")[0m
  [1m[35m (1.6ms)[0m  [1m[35mCREATE UNIQUE INDEX "index_users_on_reset_password_token" ON "users" ("reset_password_token")[0m
  [1m[36mActiveRecord::SchemaMigration Create (0.3ms)[0m  [1m[32mINSERT INTO "schema_migrations" ("version") VALUES ('20250207113506') RETURNING "version"[0m
  [1m[36mTRANSACTION (0.7ms)[0m  [1m[35mCOMMIT[0m
Migrating to CreateOrders (20250207113628)
  [1m[36mTRANSACTION (0.1ms)[0m  [1m[35mBEGIN[0m
  [1m[35m (5.8ms)[0m  [1m[35mCREATE TABLE "orders" ("id" bigserial primary key, "user_id" bigint NOT NULL, "status" character varying, "total_price" decimal, "created_at" timestamp(6) NOT NULL, "updated_at" timestamp(6) NOT NULL, CONSTRAINT "fk_rails_f868b47f6a"
FOREIGN KEY ("user_id")
  REFERENCES "users" ("id")
)[0m
  [1m[35m (14.0ms)[0m  [1m[35mCREATE INDEX "index_orders_on_user_id" ON "orders" ("user_id")[0m
  [1m[36mActiveRecord::SchemaMigration Create (0.3ms)[0m  [1m[32mINSERT INTO "schema_migrations" ("version") VALUES ('20250207113628') RETURNING "version"[0m
  [1m[36mTRANSACTION (1.0ms)[0m  [1m[35mCOMMIT[0m
Migrating to CreateGames (20250207114026)
  [1m[36mTRANSACTION (0.2ms)[0m  [1m[35mBEGIN[0m
  [1m[35m (22.2ms)[0m  [1m[35mCREATE TABLE "games" ("id" bigserial primary key, "title" character varying, "publisher" character varying, "developer" character varying, "image" character varying, "description" text, "price" decimal, "rating" integer, "release_date" date, "created_at" timestamp(6) NOT NULL, "updated_at" timestamp(6) NOT NULL)[0m
  [1m[36mActiveRecord::SchemaMigration Create (0.4ms)[0m  [1m[32mINSERT INTO "schema_migrations" ("version") VALUES ('20250207114026') RETURNING "version"[0m
  [1m[36mTRANSACTION (0.7ms)[0m  [1m[35mCOMMIT[0m
Migrating to CreateWishlistItems (20250207114131)
  [1m[36mTRANSACTION (0.2ms)[0m  [1m[35mBEGIN[0m
  [1m[35m (5.6ms)[0m  [1m[35mCREATE TABLE "wishlist_items" ("id" bigserial primary key, "user_id" bigint NOT NULL, "game_id" bigint NOT NULL, "created_at" timestamp(6) NOT NULL, "updated_at" timestamp(6) NOT NULL, CONSTRAINT "fk_rails_5c10acf6bc"
FOREIGN KEY ("user_id")
  REFERENCES "users" ("id")
, CONSTRAINT "fk_rails_8c9fe79869"
FOREIGN KEY ("game_id")
  REFERENCES "games" ("id")
)[0m
  [1m[35m (1.5ms)[0m  [1m[35mCREATE INDEX "index_wishlist_items_on_user_id" ON "wishlist_items" ("user_id")[0m
  [1m[35m (1.5ms)[0m  [1m[35mCREATE INDEX "index_wishlist_items_on_game_id" ON "wishlist_items" ("game_id")[0m
  [1m[36mActiveRecord::SchemaMigration Create (0.2ms)[0m  [1m[32mINSERT INTO "schema_migrations" ("version") VALUES ('20250207114131') RETURNING "version"[0m
  [1m[36mTRANSACTION (0.7ms)[0m  [1m[35mCOMMIT[0m
Migrating to CreateOrderItems (20250207114224)
  [1m[36mTRANSACTION (0.2ms)[0m  [1m[35mBEGIN[0m
  [1m[35m (4.5ms)[0m  [1m[35mCREATE TABLE "order_items" ("id" bigserial primary key, "game_id" bigint NOT NULL, "order_id" bigint NOT NULL, "created_at" timestamp(6) NOT NULL, "updated_at" timestamp(6) NOT NULL, CONSTRAINT "fk_rails_74b7c75bac"
FOREIGN KEY ("game_id")
  REFERENCES "games" ("id")
, CONSTRAINT "fk_rails_e3cb28f071"
FOREIGN KEY ("order_id")
  REFERENCES "orders" ("id")
)[0m
  [1m[35m (1.4ms)[0m  [1m[35mCREATE INDEX "index_order_items_on_game_id" ON "order_items" ("game_id")[0m
  [1m[35m (1.4ms)[0m  [1m[35mCREATE INDEX "index_order_items_on_order_id" ON "order_items" ("order_id")[0m
  [1m[36mActiveRecord::SchemaMigration Create (0.3ms)[0m  [1m[32mINSERT INTO "schema_migrations" ("version") VALUES ('20250207114224') RETURNING "version"[0m
  [1m[36mTRANSACTION (0.7ms)[0m  [1m[35mCOMMIT[0m
  [1m[35m (0.2ms)[0m  [1m[34mSELECT pg_advisory_unlock(7039017590593999185)[0m
  [1m[36mActiveRecord::SchemaMigration Load (0.3ms)[0m  [1m[34mSELECT "schema_migrations"."version" FROM "schema_migrations" ORDER BY "schema_migrations"."version" ASC[0m
  [1m[36mActiveRecord::SchemaMigration Load (0.9ms)[0m  [1m[34mSELECT "schema_migrations"."version" FROM "schema_migrations" ORDER BY "schema_migrations"."version" ASC[0m
  [1m[36mTRANSACTION (0.1ms)[0m  [1m[35mBEGIN[0m
  [1m[36mUser Exists? (18.6ms)[0m  [1m[34mSELECT 1 AS one FROM "users" WHERE "users"."email" = $1 LIMIT $2[0m  [["email", "pixelwarrior@example.com"], ["LIMIT", 1]]
  [1m[36mCACHE User Exists? (0.0ms)[0m  [1m[34mSELECT 1 AS one FROM "users" WHERE "users"."email" = $1 LIMIT $2[0m  [["email", "pixelwarrior@example.com"], ["LIMIT", 1]]
  [1m[36mUser Exists? (0.5ms)[0m  [1m[34mSELECT 1 AS one FROM "users" WHERE "users"."username" = $1 LIMIT $2[0m  [["username", "PixelWarrior"], ["LIMIT", 1]]
  [1m[36mUser Create (0.6ms)[0m  [1m[32mINSERT INTO "users" ("email", "encrypted_password", "reset_password_token", "reset_password_sent_at", "remember_created_at", "username", "first_name", "last_name", "address", "created_at", "updated_at") VALUES ($1, $2, $3, $4, $5, $6, $7, $8, $9, $10, $11) RETURNING "id"[0m  [["email", "pixelwarrior@example.com"], ["encrypted_password", "[FILTERED]"], ["reset_password_token", "[FILTERED]"], ["reset_password_sent_at", "[FILTERED]"], ["remember_created_at", nil], ["username", "PixelWarrior"], ["first_name", "Max"], ["last_name", "Power"], ["address", "123 Game Street, Pixel City, USA"], ["created_at", "2025-02-07 13:51:58.588241"], ["updated_at", "2025-02-07 13:51:58.588241"]]
  [1m[36mTRANSACTION (0.6ms)[0m  [1m[35mCOMMIT[0m
  [1m[36mTRANSACTION (0.1ms)[0m  [1m[35mBEGIN[0m
  [1m[36mUser Exists? (1.8ms)[0m  [1m[34mSELECT 1 AS one FROM "users" WHERE "users"."email" = $1 LIMIT $2[0m  [["email", "lagking@example.com"], ["LIMIT", 1]]
  [1m[36mCACHE User Exists? (0.0ms)[0m  [1m[34mSELECT 1 AS one FROM "users" WHERE "users"."email" = $1 LIMIT $2[0m  [["email", "lagking@example.com"], ["LIMIT", 1]]
  [1m[36mUser Exists? (0.3ms)[0m  [1m[34mSELECT 1 AS one FROM "users" WHERE "users"."username" = $1 LIMIT $2[0m  [["username", "LagKing"], ["LIMIT", 1]]
  [1m[36mUser Create (0.3ms)[0m  [1m[32mINSERT INTO "users" ("email", "encrypted_password", "reset_password_token", "reset_password_sent_at", "remember_created_at", "username", "first_name", "last_name", "address", "created_at", "updated_at") VALUES ($1, $2, $3, $4, $5, $6, $7, $8, $9, $10, $11) RETURNING "id"[0m  [["email", "lagking@example.com"], ["encrypted_password", "[FILTERED]"], ["reset_password_token", "[FILTERED]"], ["reset_password_sent_at", "[FILTERED]"], ["remember_created_at", nil], ["username", "LagKing"], ["first_name", "Eliot"], ["last_name", "Knight"], ["address", "456 Noob Avenue, Lag Town, USA"], ["created_at", "2025-02-07 13:51:58.909427"], ["updated_at", "2025-02-07 13:51:58.909427"]]
  [1m[36mTRANSACTION (0.9ms)[0m  [1m[35mCOMMIT[0m
  [1m[36mTRANSACTION (0.2ms)[0m  [1m[35mBEGIN[0m
  [1m[36mUser Exists? (1.8ms)[0m  [1m[34mSELECT 1 AS one FROM "users" WHERE "users"."email" = $1 LIMIT $2[0m  [["email", "manamage@example.com"], ["LIMIT", 1]]
  [1m[36mCACHE User Exists? (0.0ms)[0m  [1m[34mSELECT 1 AS one FROM "users" WHERE "users"."email" = $1 LIMIT $2[0m  [["email", "manamage@example.com"], ["LIMIT", 1]]
  [1m[36mUser Exists? (0.3ms)[0m  [1m[34mSELECT 1 AS one FROM "users" WHERE "users"."username" = $1 LIMIT $2[0m  [["username", "ManaMage"], ["LIMIT", 1]]
  [1m[36mUser Create (0.3ms)[0m  [1m[32mINSERT INTO "users" ("email", "encrypted_password", "reset_password_token", "reset_password_sent_at", "remember_created_at", "username", "first_name", "last_name", "address", "created_at", "updated_at") VALUES ($1, $2, $3, $4, $5, $6, $7, $8, $9, $10, $11) RETURNING "id"[0m  [["email", "manamage@example.com"], ["encrypted_password", "[FILTERED]"], ["reset_password_token", "[FILTERED]"], ["reset_password_sent_at", "[FILTERED]"], ["remember_created_at", nil], ["username", "ManaMage"], ["first_name", "Lina"], ["last_name", "Flame"], ["address", "789 Spell Road, Mana Valley, USA"], ["created_at", "2025-02-07 13:51:59.226937"], ["updated_at", "2025-02-07 13:51:59.226937"]]
  [1m[36mTRANSACTION (0.6ms)[0m  [1m[35mCOMMIT[0m
  [1m[36mTRANSACTION (0.1ms)[0m  [1m[35mBEGIN[0m
  [1m[36mGame Create (1.9ms)[0m  [1m[32mINSERT INTO "games" ("title", "publisher", "developer", "image", "description", "price", "rating", "release_date", "created_at", "updated_at") VALUES ($1, $2, $3, $4, $5, $6, $7, $8, $9, $10) RETURNING "id"[0m  [["title", "Kingdom Come: Deliverance"], ["publisher", "Deep Silver"], ["developer", "Warhorse Studios"], ["image", "kcd.jpg"], ["description", "Kingdom Come: Deliverance est un RPG en monde ouvert se déroulant dans le Saint-Empire romain germanique du XVe siècle. Le jeu met l'accent sur un réalisme historique, un système de combat détaillé et une narration immersive."], ["price", "59.99"], ["rating", 9], ["release_date", "2018-02-13"], ["created_at", "2025-02-07 13:51:59.246899"], ["updated_at", "2025-02-07 13:51:59.246899"]]
  [1m[36mTRANSACTION (0.6ms)[0m  [1m[35mCOMMIT[0m
  [1m[36mTRANSACTION (0.1ms)[0m  [1m[35mBEGIN[0m
  [1m[36mGame Create (1.4ms)[0m  [1m[32mINSERT INTO "games" ("title", "publisher", "developer", "image", "description", "price", "rating", "release_date", "created_at", "updated_at") VALUES ($1, $2, $3, $4, $5, $6, $7, $8, $9, $10) RETURNING "id"[0m  [["title", "The Elder Scrolls V: Skyrim"], ["publisher", "Bethesda Softworks"], ["developer", "Bethesda Game Studios"], ["image", "skyrim.png"], ["description", "Skyrim est un RPG en monde ouvert où le joueur incarne le Dernier Dragonborn. Il explore un immense monde riche en quêtes et en histoires, tout en combattant des dragons et en découvrant des secrets anciens."], ["price", "49.99"], ["rating", 10], ["release_date", "2011-11-11"], ["created_at", "2025-02-07 13:51:59.252602"], ["updated_at", "2025-02-07 13:51:59.252602"]]
  [1m[36mTRANSACTION (0.6ms)[0m  [1m[35mCOMMIT[0m
  [1m[36mTRANSACTION (0.1ms)[0m  [1m[35mBEGIN[0m
  [1m[36mGame Create (1.6ms)[0m  [1m[32mINSERT INTO "games" ("title", "publisher", "developer", "image", "description", "price", "rating", "release_date", "created_at", "updated_at") VALUES ($1, $2, $3, $4, $5, $6, $7, $8, $9, $10) RETURNING "id"[0m  [["title", "The Witcher 3: Wild Hunt"], ["publisher", "CD Projekt Red"], ["developer", "CD Projekt Red"], ["image", "theWitcher.jpg"], ["description", "Incarnez Geralt de Riv, un chasseur de monstres, dans cette aventure épique dans un monde ouvert. Avec des personnages profonds et des quêtes intenses, ce jeu est l'un des RPG les plus acclamés de tous les temps."], ["price", "39.99"], ["rating", 10], ["release_date", "2015-05-19"], ["created_at", "2025-02-07 13:51:59.257516"], ["updated_at", "2025-02-07 13:51:59.257516"]]
  [1m[36mTRANSACTION (0.6ms)[0m  [1m[35mCOMMIT[0m
  [1m[36mTRANSACTION (0.1ms)[0m  [1m[35mBEGIN[0m
  [1m[36mGame Create (1.7ms)[0m  [1m[32mINSERT INTO "games" ("title", "publisher", "developer", "image", "description", "price", "rating", "release_date", "created_at", "updated_at") VALUES ($1, $2, $3, $4, $5, $6, $7, $8, $9, $10) RETURNING "id"[0m  [["title", "Red Dead Redemption 2"], ["publisher", "Rockstar Games"], ["developer", "Rockstar Games"], ["image", "rdd.jpg"], ["description", "Un jeu d'action-aventure en monde ouvert où vous incarnez Arthur Morgan, un hors-la-loi du gang Van der Linde, dans l'Amérique de la fin du XIXe siècle. Un jeu époustouflant visuellement et narrativement."], ["price", "59.99"], ["rating", 10], ["release_date", "2018-10-26"], ["created_at", "2025-02-07 13:51:59.262282"], ["updated_at", "2025-02-07 13:51:59.262282"]]
  [1m[36mTRANSACTION (0.6ms)[0m  [1m[35mCOMMIT[0m
  [1m[36mTRANSACTION (0.1ms)[0m  [1m[35mBEGIN[0m
  [1m[36mGame Create (1.5ms)[0m  [1m[32mINSERT INTO "games" ("title", "publisher", "developer", "image", "description", "price", "rating", "release_date", "created_at", "updated_at") VALUES ($1, $2, $3, $4, $5, $6, $7, $8, $9, $10) RETURNING "id"[0m  [["title", "Cyberpunk 2077"], ["publisher", "CD Projekt Red"], ["developer", "CD Projekt Red"], ["image", "cyberpunk.jpg"], ["description", "Cyberpunk 2077 est un RPG futuriste où vous incarnez V, un mercenaire dans la ville de Night City. Avec des choix d'histoire impactants et un monde vaste à explorer, il propose une expérience immersive."], ["price", "59.99"], ["rating", 7], ["release_date", "2020-12-10"], ["created_at", "2025-02-07 13:51:59.267433"], ["updated_at", "2025-02-07 13:51:59.267433"]]
  [1m[36mTRANSACTION (0.6ms)[0m  [1m[35mCOMMIT[0m
  [1m[36mTRANSACTION (0.1ms)[0m  [1m[35mBEGIN[0m
  [1m[36mGame Create (1.5ms)[0m  [1m[32mINSERT INTO "games" ("title", "publisher", "developer", "image", "description", "price", "rating", "release_date", "created_at", "updated_at") VALUES ($1, $2, $3, $4, $5, $6, $7, $8, $9, $10) RETURNING "id"[0m  [["title", "Dark Souls III"], ["publisher", "Bandai Namco Entertainment"], ["developer", "FromSoftware"], ["image", "CoverDarkSoulsIII.png"], ["description", "Dans Dark Souls III, vous affrontez des ennemis impitoyables et des boss gigantesques dans un monde sombre et brutal. Ce jeu est reconnu pour sa difficulté et sa profondeur."], ["price", "49.99"], ["rating", 9], ["release_date", "2016-04-12"], ["created_at", "2025-02-07 13:51:59.272351"], ["updated_at", "2025-02-07 13:51:59.272351"]]
  [1m[36mTRANSACTION (0.6ms)[0m  [1m[35mCOMMIT[0m
  [1m[36mTRANSACTION (0.1ms)[0m  [1m[35mBEGIN[0m
  [1m[36mGame Create (1.4ms)[0m  [1m[32mINSERT INTO "games" ("title", "publisher", "developer", "image", "description", "price", "rating", "release_date", "created_at", "updated_at") VALUES ($1, $2, $3, $4, $5, $6, $7, $8, $9, $10) RETURNING "id"[0m  [["title", "Horizon Zero Dawn"], ["publisher", "Sony Interactive Entertainment"], ["developer", "Guerrilla Games"], ["image", "horizon.jpg"], ["description", "Horizon Zero Dawn est un jeu d'action-aventure en monde ouvert où vous incarnez Aloy, une chasseuse qui explore un monde peuplé de créatures robotiques. Le jeu est reconnu pour ses graphismes époustouflants et son gameplay captivant."], ["price", "49.99"], ["rating", 9], ["release_date", "2017-02-28"], ["created_at", "2025-02-07 13:51:59.277633"], ["updated_at", "2025-02-07 13:51:59.277633"]]
  [1m[36mTRANSACTION (0.7ms)[0m  [1m[35mCOMMIT[0m
  [1m[36mTRANSACTION (0.1ms)[0m  [1m[35mBEGIN[0m
  [1m[36mGame Create (1.9ms)[0m  [1m[32mINSERT INTO "games" ("title", "publisher", "developer", "image", "description", "price", "rating", "release_date", "created_at", "updated_at") VALUES ($1, $2, $3, $4, $5, $6, $7, $8, $9, $10) RETURNING "id"[0m  [["title", "Assassin's Creed Valhalla"], ["publisher", "Ubisoft"], ["developer", "Ubisoft"], ["image", "assassins.jpg"], ["description", "Assassin's Creed Valhalla suit les aventures d'Eivor, un viking qui explore et conquiert l'Angleterre du IXe siècle. Ce jeu est riche en exploration, en combats et en intrigues historiques."], ["price", "59.99"], ["rating", 8], ["release_date", "2020-11-10"], ["created_at", "2025-02-07 13:51:59.282562"], ["updated_at", "2025-02-07 13:51:59.282562"]]
  [1m[36mTRANSACTION (0.6ms)[0m  [1m[35mCOMMIT[0m
  [1m[36mTRANSACTION (0.1ms)[0m  [1m[35mBEGIN[0m
  [1m[36mGame Create (1.7ms)[0m  [1m[32mINSERT INTO "games" ("title", "publisher", "developer", "image", "description", "price", "rating", "release_date", "created_at", "updated_at") VALUES ($1, $2, $3, $4, $5, $6, $7, $8, $9, $10) RETURNING "id"[0m  [["title", "Fallout 4"], ["publisher", "Bethesda Softworks"], ["developer", "Bethesda Game Studios"], ["image", "Fallout.jpg"], ["description", "Fallout 4 est un jeu de rôle en monde ouvert où vous explorez un monde post-apocalyptique après une guerre nucléaire. Vous devez survivre, trouver des alliés et résoudre des énigmes dans un environnement dévasté."], ["price", "39.99"], ["rating", 8], ["release_date", "2015-11-10"], ["created_at", "2025-02-07 13:51:59.287767"], ["updated_at", "2025-02-07 13:51:59.287767"]]
  [1m[36mTRANSACTION (0.7ms)[0m  [1m[35mCOMMIT[0m
  [1m[36mTRANSACTION (0.1ms)[0m  [1m[35mBEGIN[0m
  [1m[36mGame Create (1.7ms)[0m  [1m[32mINSERT INTO "games" ("title", "publisher", "developer", "image", "description", "price", "rating", "release_date", "created_at", "updated_at") VALUES ($1, $2, $3, $4, $5, $6, $7, $8, $9, $10) RETURNING "id"[0m  [["title", "Minecraft"], ["publisher", "Mojang"], ["developer", "Mojang"], ["image", "minecraft.jpeg"], ["description", "Minecraft est un jeu de construction en monde ouvert où les joueurs peuvent explorer, miner, construire et survivre. Il offre une créativité infinie avec un style graphique pixélisé unique."], ["price", "29.99"], ["rating", 10], ["release_date", "2011-11-18"], ["created_at", "2025-02-07 13:51:59.292780"], ["updated_at", "2025-02-07 13:51:59.292780"]]
  [1m[36mTRANSACTION (0.9ms)[0m  [1m[35mCOMMIT[0m
  [1m[36mTRANSACTION (0.1ms)[0m  [1m[35mBEGIN[0m
  [1m[36mGame Create (1.6ms)[0m  [1m[32mINSERT INTO "games" ("title", "publisher", "developer", "image", "description", "price", "rating", "release_date", "created_at", "updated_at") VALUES ($1, $2, $3, $4, $5, $6, $7, $8, $9, $10) RETURNING "id"[0m  [["title", "The Last of Us Part II"], ["publisher", "Sony Interactive Entertainment"], ["developer", "Naughty Dog"], ["image", "tlof.jpg"], ["description", "Incarnez Ellie, une jeune femme dans un monde post-apocalyptique où la survie est au cœur de l'histoire. Le jeu est acclamé pour sa narration poignante et son gameplay intense."], ["price", "59.99"], ["rating", 9], ["release_date", "2020-06-19"], ["created_at", "2025-02-07 13:51:59.297985"], ["updated_at", "2025-02-07 13:51:59.297985"]]
  [1m[36mTRANSACTION (0.9ms)[0m  [1m[35mCOMMIT[0m
  [1m[36mTRANSACTION (0.1ms)[0m  [1m[35mBEGIN[0m
  [1m[36mGame Create (1.6ms)[0m  [1m[32mINSERT INTO "games" ("title", "publisher", "developer", "image", "description", "price", "rating", "release_date", "created_at", "updated_at") VALUES ($1, $2, $3, $4, $5, $6, $7, $8, $9, $10) RETURNING "id"[0m  [["title", "God of War"], ["publisher", "Sony Interactive Entertainment"], ["developer", "Santa Monica Studio"], ["image", "gow.png"], ["description", "God of War suit les aventures de Kratos et de son fils Atreus dans la mythologie nordique. Ce jeu allie exploration, combats et narration immersive."], ["price", "49.99"], ["rating", 10], ["release_date", "2018-04-20"], ["created_at", "2025-02-07 13:51:59.303192"], ["updated_at", "2025-02-07 13:51:59.303192"]]
  [1m[36mTRANSACTION (0.9ms)[0m  [1m[35mCOMMIT[0m
  [1m[36mTRANSACTION (0.1ms)[0m  [1m[35mBEGIN[0m
  [1m[36mGame Create (1.5ms)[0m  [1m[32mINSERT INTO "games" ("title", "publisher", "developer", "image", "description", "price", "rating", "release_date", "created_at", "updated_at") VALUES ($1, $2, $3, $4, $5, $6, $7, $8, $9, $10) RETURNING "id"[0m  [["title", "Bloodborne"], ["publisher", "Sony Computer Entertainment"], ["developer", "FromSoftware"], ["image", "Bloodborne.jpg"], ["description", "Bloodborne est un jeu d'action-aventure où vous incarnez un chasseur dans une ville gothique envahie par des créatures effrayantes. Le jeu est réputé pour sa difficulté et son atmosphère unique."], ["price", "39.99"], ["rating", 9], ["release_date", "2015-03-24"], ["created_at", "2025-02-07 13:51:59.308223"], ["updated_at", "2025-02-07 13:51:59.308223"]]
  [1m[36mTRANSACTION (0.9ms)[0m  [1m[35mCOMMIT[0m
  [1m[36mTRANSACTION (0.1ms)[0m  [1m[35mBEGIN[0m
  [1m[36mUser Load (0.3ms)[0m  [1m[34mSELECT "users".* FROM "users" WHERE "users"."id" = $1 LIMIT $2[0m  [["id", 1], ["LIMIT", 1]]
  [1m[36mGame Load (0.2ms)[0m  [1m[34mSELECT "games".* FROM "games" WHERE "games"."id" = $1 LIMIT $2[0m  [["id", 1], ["LIMIT", 1]]
  [1m[36mWishlistItem Exists? (0.5ms)[0m  [1m[34mSELECT 1 AS one FROM "wishlist_items" WHERE "wishlist_items"."user_id" = $1 AND "wishlist_items"."game_id" = $2 LIMIT $3[0m  [["user_id", 1], ["game_id", 1], ["LIMIT", 1]]
  [1m[36mWishlistItem Create (0.7ms)[0m  [1m[32mINSERT INTO "wishlist_items" ("user_id", "game_id", "created_at", "updated_at") VALUES ($1, $2, $3, $4) RETURNING "id"[0m  [["user_id", 1], ["game_id", 1], ["created_at", "2025-02-07 13:51:59.340803"], ["updated_at", "2025-02-07 13:51:59.340803"]]
  [1m[36mTRANSACTION (0.6ms)[0m  [1m[35mCOMMIT[0m
  [1m[36mTRANSACTION (0.1ms)[0m  [1m[35mBEGIN[0m
  [1m[36mUser Load (0.2ms)[0m  [1m[34mSELECT "users".* FROM "users" WHERE "users"."id" = $1 LIMIT $2[0m  [["id", 1], ["LIMIT", 1]]
  [1m[36mGame Load (0.2ms)[0m  [1m[34mSELECT "games".* FROM "games" WHERE "games"."id" = $1 LIMIT $2[0m  [["id", 10], ["LIMIT", 1]]
  [1m[36mWishlistItem Exists? (0.3ms)[0m  [1m[34mSELECT 1 AS one FROM "wishlist_items" WHERE "wishlist_items"."user_id" = $1 AND "wishlist_items"."game_id" = $2 LIMIT $3[0m  [["user_id", 1], ["game_id", 10], ["LIMIT", 1]]
  [1m[36mWishlistItem Create (0.4ms)[0m  [1m[32mINSERT INTO "wishlist_items" ("user_id", "game_id", "created_at", "updated_at") VALUES ($1, $2, $3, $4) RETURNING "id"[0m  [["user_id", 1], ["game_id", 10], ["created_at", "2025-02-07 13:51:59.351809"], ["updated_at", "2025-02-07 13:51:59.351809"]]
  [1m[36mTRANSACTION (0.6ms)[0m  [1m[35mCOMMIT[0m
  [1m[36mTRANSACTION (0.1ms)[0m  [1m[35mBEGIN[0m
  [1m[36mUser Load (0.3ms)[0m  [1m[34mSELECT "users".* FROM "users" WHERE "users"."id" = $1 LIMIT $2[0m  [["id", 2], ["LIMIT", 1]]
  [1m[36mGame Load (0.2ms)[0m  [1m[34mSELECT "games".* FROM "games" WHERE "games"."id" = $1 LIMIT $2[0m  [["id", 2], ["LIMIT", 1]]
  [1m[36mWishlistItem Exists? (0.3ms)[0m  [1m[34mSELECT 1 AS one FROM "wishlist_items" WHERE "wishlist_items"."user_id" = $1 AND "wishlist_items"."game_id" = $2 LIMIT $3[0m  [["user_id", 2], ["game_id", 2], ["LIMIT", 1]]
  [1m[36mWishlistItem Create (0.4ms)[0m  [1m[32mINSERT INTO "wishlist_items" ("user_id", "game_id", "created_at", "updated_at") VALUES ($1, $2, $3, $4) RETURNING "id"[0m  [["user_id", 2], ["game_id", 2], ["created_at", "2025-02-07 13:51:59.362696"], ["updated_at", "2025-02-07 13:51:59.362696"]]
  [1m[36mTRANSACTION (0.6ms)[0m  [1m[35mCOMMIT[0m
  [1m[36mTRANSACTION (0.1ms)[0m  [1m[35mBEGIN[0m
  [1m[36mUser Load (0.3ms)[0m  [1m[34mSELECT "users".* FROM "users" WHERE "users"."id" = $1 LIMIT $2[0m  [["id", 2], ["LIMIT", 1]]
  [1m[36mGame Load (0.2ms)[0m  [1m[34mSELECT "games".* FROM "games" WHERE "games"."id" = $1 LIMIT $2[0m  [["id", 1], ["LIMIT", 1]]
  [1m[36mWishlistItem Exists? (0.3ms)[0m  [1m[34mSELECT 1 AS one FROM "wishlist_items" WHERE "wishlist_items"."user_id" = $1 AND "wishlist_items"."game_id" = $2 LIMIT $3[0m  [["user_id", 2], ["game_id", 1], ["LIMIT", 1]]
  [1m[36mWishlistItem Create (0.4ms)[0m  [1m[32mINSERT INTO "wishlist_items" ("user_id", "game_id", "created_at", "updated_at") VALUES ($1, $2, $3, $4) RETURNING "id"[0m  [["user_id", 2], ["game_id", 1], ["created_at", "2025-02-07 13:51:59.373776"], ["updated_at", "2025-02-07 13:51:59.373776"]]
  [1m[36mTRANSACTION (0.7ms)[0m  [1m[35mCOMMIT[0m
  [1m[36mTRANSACTION (0.1ms)[0m  [1m[35mBEGIN[0m
  [1m[36mUser Load (0.2ms)[0m  [1m[34mSELECT "users".* FROM "users" WHERE "users"."id" = $1 LIMIT $2[0m  [["id", 3], ["LIMIT", 1]]
  [1m[36mGame Load (0.3ms)[0m  [1m[34mSELECT "games".* FROM "games" WHERE "games"."id" = $1 LIMIT $2[0m  [["id", 7], ["LIMIT", 1]]
  [1m[36mWishlistItem Exists? (0.3ms)[0m  [1m[34mSELECT 1 AS one FROM "wishlist_items" WHERE "wishlist_items"."user_id" = $1 AND "wishlist_items"."game_id" = $2 LIMIT $3[0m  [["user_id", 3], ["game_id", 7], ["LIMIT", 1]]
  [1m[36mWishlistItem Create (0.4ms)[0m  [1m[32mINSERT INTO "wishlist_items" ("user_id", "game_id", "created_at", "updated_at") VALUES ($1, $2, $3, $4) RETURNING "id"[0m  [["user_id", 3], ["game_id", 7], ["created_at", "2025-02-07 13:51:59.384615"], ["updated_at", "2025-02-07 13:51:59.384615"]]
  [1m[36mTRANSACTION (0.6ms)[0m  [1m[35mCOMMIT[0m
  [1m[36mTRANSACTION (0.1ms)[0m  [1m[35mBEGIN[0m
  [1m[36mUser Load (0.2ms)[0m  [1m[34mSELECT "users".* FROM "users" WHERE "users"."id" = $1 LIMIT $2[0m  [["id", 3], ["LIMIT", 1]]
  [1m[36mGame Load (0.2ms)[0m  [1m[34mSELECT "games".* FROM "games" WHERE "games"."id" = $1 LIMIT $2[0m  [["id", 8], ["LIMIT", 1]]
  [1m[36mWishlistItem Exists? (0.3ms)[0m  [1m[34mSELECT 1 AS one FROM "wishlist_items" WHERE "wishlist_items"."user_id" = $1 AND "wishlist_items"."game_id" = $2 LIMIT $3[0m  [["user_id", 3], ["game_id", 8], ["LIMIT", 1]]
  [1m[36mWishlistItem Create (0.4ms)[0m  [1m[32mINSERT INTO "wishlist_items" ("user_id", "game_id", "created_at", "updated_at") VALUES ($1, $2, $3, $4) RETURNING "id"[0m  [["user_id", 3], ["game_id", 8], ["created_at", "2025-02-07 13:51:59.395386"], ["updated_at", "2025-02-07 13:51:59.395386"]]
  [1m[36mTRANSACTION (0.7ms)[0m  [1m[35mCOMMIT[0m
Started GET "/api/v1/restaurants" for 127.0.0.1 at 2025-02-07 15:12:34 +0100
  [1m[36mActiveRecord::SchemaMigration Load (0.8ms)[0m  [1m[34mSELECT "schema_migrations"."version" FROM "schema_migrations" ORDER BY "schema_migrations"."version" ASC[0m
  
ActionController::RoutingError (No route matches [GET] "/api/v1/restaurants"):
  
Started GET "/api/v1/restaurants" for 127.0.0.1 at 2025-02-07 15:12:48 +0100
  
ActionController::RoutingError (No route matches [GET] "/api/v1/restaurants"):
  
Started GET "/api/v1/games" for 127.0.0.1 at 2025-02-07 15:13:58 +0100
Processing by Api::V1::GamesController#index as JSON
Completed 500 Internal Server Error in 9ms (ActiveRecord: 0.0ms | Allocations: 3638)


  
NameError (uninitialized constant ApplicationPolicy

class GamePolicy < ApplicationPolicy
                   ^^^^^^^^^^^^^^^^^
Did you mean?  ApplicationJob
               ApplicationHelper):
  
app/policies/game_policy.rb:1:in `<main>'
app/controllers/api/v1/games_controller.rb:3:in `index'
Started GET "/api/v1/games" for 127.0.0.1 at 2025-02-07 15:15:57 +0100
  [1m[36mActiveRecord::SchemaMigration Load (0.6ms)[0m  [1m[34mSELECT "schema_migrations"."version" FROM "schema_migrations" ORDER BY "schema_migrations"."version" ASC[0m
Processing by Api::V1::GamesController#index as JSON
Completed 500 Internal Server Error in 10ms (ActiveRecord: 0.0ms | Allocations: 2802)


  
NoMethodError (You must define #resolve in GamePolicy::Scope

      raise NoMethodError, "You must define #resolve in #{self.class}"
      ^^^^^):
  
app/policies/application_policy.rb:46:in `resolve'
app/controllers/api/v1/games_controller.rb:3:in `index'
Started GET "/api/v1/games" for 127.0.0.1 at 2025-02-07 15:18:21 +0100
  [1m[36mActiveRecord::SchemaMigration Load (0.6ms)[0m  [1m[34mSELECT "schema_migrations"."version" FROM "schema_migrations" ORDER BY "schema_migrations"."version" ASC[0m
Processing by Api::V1::GamesController#index as JSON
No template found for Api::V1::GamesController#index, rendering head :no_content
Completed 204 No Content in 13ms (ActiveRecord: 0.0ms | Allocations: 3545)


Started GET "/api/v1/games" for ::1 at 2025-02-07 15:18:58 +0100
  [1m[36mActiveRecord::SchemaMigration Load (0.6ms)[0m  [1m[34mSELECT "schema_migrations"."version" FROM "schema_migrations" ORDER BY "schema_migrations"."version" ASC[0m
Processing by Api::V1::GamesController#index as JSON
No template found for Api::V1::GamesController#index, rendering head :no_content
Completed 204 No Content in 13ms (ActiveRecord: 0.0ms | Allocations: 3484)


Started GET "/api/v1/games" for ::1 at 2025-02-07 15:19:09 +0100
Processing by Api::V1::GamesController#index as JSON
No template found for Api::V1::GamesController#index, rendering head :no_content
Completed 204 No Content in 1ms (ActiveRecord: 0.0ms | Allocations: 403)


Started GET "/" for 127.0.0.1 at 2025-02-07 15:19:44 +0100
Processing by PagesController#home as HTML
  Rendering layout layouts/application.html.erb
  Rendering pages/home.html.erb within layouts/application
  Rendered pages/home.html.erb within layouts/application (Duration: 0.4ms | Allocations: 194)
Started GET "/" for ::1 at 2025-02-07 15:19:51 +0100
Processing by PagesController#home as HTML
  Rendering layout layouts/application.html.erb
  Rendering pages/home.html.erb within layouts/application
  Rendered pages/home.html.erb within layouts/application (Duration: 0.0ms | Allocations: 7)
  Rendered shared/_navbar.html.erb (Duration: 1.5ms | Allocations: 1010)
  Rendered shared/_navbar.html.erb (Duration: 1.5ms | Allocations: 868)
  Rendered shared/_flashes.html.erb (Duration: 0.6ms | Allocations: 225)
  Rendered shared/_flashes.html.erb (Duration: 0.5ms | Allocations: 247)
  Rendered layout layouts/application.html.erb (Duration: 9378.4ms | Allocations: 234786)
  Rendered layout layouts/application.html.erb (Duration: 16756.6ms | Allocations: 266187)
Completed 200 OK in 9380ms (Views: 9379.1ms | ActiveRecord: 0.0ms | Allocations: 235177)


Completed 200 OK in 16770ms (Views: 16760.7ms | ActiveRecord: 0.0ms | Allocations: 270954)


Started GET "/api/v1/games" for ::1 at 2025-02-07 15:20:14 +0100
Processing by Api::V1::GamesController#index as JSON
No template found for Api::V1::GamesController#index, rendering head :no_content
Completed 204 No Content in 15ms (ActiveRecord: 0.0ms | Allocations: 2556)


Started GET "/api/v1/games" for 127.0.0.1 at 2025-02-07 15:24:25 +0100
  [1m[36mActiveRecord::SchemaMigration Load (0.6ms)[0m  [1m[34mSELECT "schema_migrations"."version" FROM "schema_migrations" ORDER BY "schema_migrations"."version" ASC[0m
Processing by Api::V1::GamesController#index as JSON
Completed 500 Internal Server Error in 20ms (ActiveRecord: 0.0ms | Allocations: 6418)


  
ActionView::MissingTemplate (Missing template api/v1/games/index, api/v1/base/index with {:locale=>[:en], :formats=>[:json], :variants=>[], :handlers=>[:raw, :erb, :html, :builder, :ruby, :jbuilder]}.

Searched in:
  * "/home/suzie/ecomerceProject/ecommerce-backend/app/views"
  * "/home/suzie/.rbenv/versions/3.1.2/lib/ruby/gems/3.1.0/gems/devise-4.9.4/app/views"
  * "/home/suzie/.rbenv/versions/3.1.2/lib/ruby/gems/3.1.0/gems/turbo-rails-2.0.11/app/views"
  * "/home/suzie/.rbenv/versions/3.1.2/lib/ruby/gems/3.1.0/gems/actiontext-7.1.5.1/app/views"
  * "/home/suzie/.rbenv/versions/3.1.2/lib/ruby/gems/3.1.0/gems/actionmailbox-7.1.5.1/app/views"

Did you mean?  rails/conductor/action_mailbox/inbound_emails/index
               layouts/mailer
               rails/conductor/action_mailbox/inbound_emails/new
               devise/passwords/new
               rails/conductor/action_mailbox/inbound_emails/sources/new
               devise/passwords/edit):
  
app/controllers/api/v1/games_controller.rb:4:in `index'
  [1m[36mGame Count (2.6ms)[0m  [1m[34mSELECT COUNT(*) FROM "games"[0m
Started GET "/api/v1/restaurants" for ::1 at 2025-02-07 15:38:31 +0100
  [1m[36mActiveRecord::SchemaMigration Load (0.5ms)[0m  [1m[34mSELECT "schema_migrations"."version" FROM "schema_migrations" ORDER BY "schema_migrations"."version" ASC[0m
  
ActionController::RoutingError (No route matches [GET] "/api/v1/restaurants"):
  
Started GET "/api/v1/games" for ::1 at 2025-02-07 15:38:42 +0100
Processing by Api::V1::GamesController#index as JSON
  Rendering api/v1/games/index.json.jbuilder
  [1m[36mGame Load (0.6ms)[0m  [1m[34mSELECT "games".* FROM "games"[0m
  ↳ app/views/api/v1/games/index.json.jbuilder:1
  Rendered api/v1/games/index.json.jbuilder (Duration: 33.7ms | Allocations: 13108)
Completed 200 OK in 45ms (Views: 24.5ms | ActiveRecord: 10.6ms | Allocations: 16719)


Started GET "/api/v1/games" for ::1 at 2025-02-07 16:02:11 +0100
Processing by Api::V1::GamesController#index as JSON
  Rendering api/v1/games/index.json.jbuilder
  [1m[36mGame Load (35.7ms)[0m  [1m[34mSELECT "games".* FROM "games"[0m
  ↳ app/views/api/v1/games/index.json.jbuilder:1
  Rendered api/v1/games/index.json.jbuilder (Duration: 64.6ms | Allocations: 8376)
Completed 200 OK in 71ms (Views: 17.5ms | ActiveRecord: 48.8ms | Allocations: 10387)


Started GET "/api/v1/games" for ::1 at 2025-02-07 16:02:39 +0100
Processing by Api::V1::GamesController#index as JSON
  Rendering api/v1/games/index.json.jbuilder
  [1m[36mGame Load (0.8ms)[0m  [1m[34mSELECT "games".* FROM "games"[0m
  ↳ app/views/api/v1/games/index.json.jbuilder:1
  Rendered api/v1/games/index.json.jbuilder (Duration: 4.7ms | Allocations: 1308)
Completed 200 OK in 7ms (Views: 4.5ms | ActiveRecord: 0.8ms | Allocations: 1748)


Started GET "/api/v1/games" for ::1 at 2025-02-07 16:02:39 +0100
Processing by Api::V1::GamesController#index as JSON
  Rendering api/v1/games/index.json.jbuilder
  [1m[36mGame Load (1.0ms)[0m  [1m[34mSELECT "games".* FROM "games"[0m
  ↳ app/views/api/v1/games/index.json.jbuilder:1
  Rendered api/v1/games/index.json.jbuilder (Duration: 5.0ms | Allocations: 1306)
Completed 200 OK in 6ms (Views: 4.8ms | ActiveRecord: 0.9ms | Allocations: 1673)


Started GET "/api/v1/games" for ::1 at 2025-02-07 16:04:55 +0100
Processing by Api::V1::GamesController#index as JSON
  Rendering api/v1/games/index.json.jbuilder
  [1m[36mGame Load (0.6ms)[0m  [1m[34mSELECT "games".* FROM "games"[0m
  ↳ app/views/api/v1/games/index.json.jbuilder:1
  Rendered api/v1/games/index.json.jbuilder (Duration: 4.4ms | Allocations: 1306)
Completed 200 OK in 6ms (Views: 4.4ms | ActiveRecord: 0.6ms | Allocations: 1673)


Started GET "/api/v1/games" for ::1 at 2025-02-07 16:04:55 +0100
Processing by Api::V1::GamesController#index as JSON
  Rendering api/v1/games/index.json.jbuilder
  [1m[36mGame Load (0.5ms)[0m  [1m[34mSELECT "games".* FROM "games"[0m
  ↳ app/views/api/v1/games/index.json.jbuilder:1
  Rendered api/v1/games/index.json.jbuilder (Duration: 5.9ms | Allocations: 1306)
Completed 200 OK in 7ms (Views: 6.1ms | ActiveRecord: 0.5ms | Allocations: 1673)


Started GET "/api/v1/games" for ::1 at 2025-02-07 16:05:50 +0100
Processing by Api::V1::GamesController#index as JSON
  Rendering api/v1/games/index.json.jbuilder
  [1m[36mGame Load (0.8ms)[0m  [1m[34mSELECT "games".* FROM "games"[0m
  ↳ app/views/api/v1/games/index.json.jbuilder:1
  Rendered api/v1/games/index.json.jbuilder (Duration: 5.0ms | Allocations: 1314)
Completed 200 OK in 6ms (Views: 4.9ms | ActiveRecord: 0.7ms | Allocations: 1691)


Started GET "/api/v1/games" for ::1 at 2025-02-07 16:05:50 +0100
Processing by Api::V1::GamesController#index as JSON
  Rendering api/v1/games/index.json.jbuilder
  [1m[36mGame Load (0.6ms)[0m  [1m[34mSELECT "games".* FROM "games"[0m
  ↳ app/views/api/v1/games/index.json.jbuilder:1
  Rendered api/v1/games/index.json.jbuilder (Duration: 5.0ms | Allocations: 1306)
Completed 200 OK in 7ms (Views: 5.2ms | ActiveRecord: 0.5ms | Allocations: 1673)


Started GET "/api/v1/games" for ::1 at 2025-02-07 16:05:59 +0100
Processing by Api::V1::GamesController#index as JSON
  Rendering api/v1/games/index.json.jbuilder
  [1m[36mGame Load (0.5ms)[0m  [1m[34mSELECT "games".* FROM "games"[0m
  ↳ app/views/api/v1/games/index.json.jbuilder:1
  Rendered api/v1/games/index.json.jbuilder (Duration: 4.8ms | Allocations: 1306)
Completed 200 OK in 7ms (Views: 4.9ms | ActiveRecord: 0.5ms | Allocations: 1673)


Started GET "/api/v1/games" for ::1 at 2025-02-07 16:05:59 +0100
Processing by Api::V1::GamesController#index as JSON
  Rendering api/v1/games/index.json.jbuilder
  [1m[36mGame Load (0.5ms)[0m  [1m[34mSELECT "games".* FROM "games"[0m
  ↳ app/views/api/v1/games/index.json.jbuilder:1
  Rendered api/v1/games/index.json.jbuilder (Duration: 5.2ms | Allocations: 1306)
Completed 200 OK in 7ms (Views: 5.4ms | ActiveRecord: 0.5ms | Allocations: 1673)


Started GET "/api/v1/games" for ::1 at 2025-02-07 16:06:09 +0100
Processing by Api::V1::GamesController#index as JSON
  Rendering api/v1/games/index.json.jbuilder
  [1m[36mGame Load (0.4ms)[0m  [1m[34mSELECT "games".* FROM "games"[0m
  ↳ app/views/api/v1/games/index.json.jbuilder:1
  Rendered api/v1/games/index.json.jbuilder (Duration: 4.5ms | Allocations: 1312)
Completed 200 OK in 6ms (Views: 4.7ms | ActiveRecord: 0.4ms | Allocations: 1689)


Started GET "/api/v1/games" for ::1 at 2025-02-07 16:06:09 +0100
Processing by Api::V1::GamesController#index as JSON
  Rendering api/v1/games/index.json.jbuilder
  [1m[36mGame Load (0.4ms)[0m  [1m[34mSELECT "games".* FROM "games"[0m
  ↳ app/views/api/v1/games/index.json.jbuilder:1
  Rendered api/v1/games/index.json.jbuilder (Duration: 3.6ms | Allocations: 1306)
Completed 200 OK in 5ms (Views: 3.8ms | ActiveRecord: 0.4ms | Allocations: 1673)


Started GET "/api/v1/games" for ::1 at 2025-02-07 16:06:24 +0100
Processing by Api::V1::GamesController#index as JSON
  Rendering api/v1/games/index.json.jbuilder
  [1m[36mGame Load (0.6ms)[0m  [1m[34mSELECT "games".* FROM "games"[0m
  ↳ app/views/api/v1/games/index.json.jbuilder:1
  Rendered api/v1/games/index.json.jbuilder (Duration: 4.9ms | Allocations: 1314)
Completed 200 OK in 7ms (Views: 4.9ms | ActiveRecord: 0.6ms | Allocations: 1849)


Started GET "/api/v1/games" for ::1 at 2025-02-07 16:15:33 +0100
Processing by Api::V1::GamesController#index as JSON
  Rendering api/v1/games/index.json.jbuilder
  [1m[36mGame Load (31.4ms)[0m  [1m[34mSELECT "games".* FROM "games"[0m
  ↳ app/views/api/v1/games/index.json.jbuilder:1
  Rendered api/v1/games/index.json.jbuilder (Duration: 37.1ms | Allocations: 3939)
Completed 200 OK in 39ms (Views: -5.9ms | ActiveRecord: 43.8ms | Allocations: 4306)


Started GET "/api/v1/games" for ::1 at 2025-02-07 16:15:33 +0100
Processing by Api::V1::GamesController#index as JSON
  Rendering api/v1/games/index.json.jbuilder
  [1m[36mGame Load (0.6ms)[0m  [1m[34mSELECT "games".* FROM "games"[0m
  ↳ app/views/api/v1/games/index.json.jbuilder:1
  Rendered api/v1/games/index.json.jbuilder (Duration: 5.2ms | Allocations: 1306)
Completed 200 OK in 7ms (Views: 5.7ms | ActiveRecord: 0.6ms | Allocations: 1673)


Started GET "/api/v1/games" for ::1 at 2025-02-07 16:18:00 +0100
  [1m[36mActiveRecord::SchemaMigration Load (0.6ms)[0m  [1m[34mSELECT "schema_migrations"."version" FROM "schema_migrations" ORDER BY "schema_migrations"."version" ASC[0m
Processing by Api::V1::GamesController#index as JSON
  Rendering api/v1/games/index.json.jbuilder
  [1m[36mGame Load (0.6ms)[0m  [1m[34mSELECT "games".* FROM "games"[0m
  ↳ app/views/api/v1/games/index.json.jbuilder:1
  Rendered api/v1/games/index.json.jbuilder (Duration: 34.8ms | Allocations: 13114)
Completed 200 OK in 61ms (Views: 26.8ms | ActiveRecord: 12.1ms | Allocations: 19229)


Started GET "/api/v1/games" for ::1 at 2025-02-07 16:18:00 +0100
Processing by Api::V1::GamesController#index as JSON
  Rendering api/v1/games/index.json.jbuilder
  [1m[36mGame Load (0.6ms)[0m  [1m[34mSELECT "games".* FROM "games"[0m
  ↳ app/views/api/v1/games/index.json.jbuilder:1
  Rendered api/v1/games/index.json.jbuilder (Duration: 3.9ms | Allocations: 1420)
Completed 200 OK in 5ms (Views: 4.0ms | ActiveRecord: 0.5ms | Allocations: 1900)


Started GET "/api/v1/games" for ::1 at 2025-02-07 16:18:04 +0100
Processing by Api::V1::GamesController#index as JSON
  Rendering api/v1/games/index.json.jbuilder
  [1m[36mGame Load (0.6ms)[0m  [1m[34mSELECT "games".* FROM "games"[0m
  ↳ app/views/api/v1/games/index.json.jbuilder:1
  Rendered api/v1/games/index.json.jbuilder (Duration: 4.1ms | Allocations: 1316)
Completed 200 OK in 6ms (Views: 4.3ms | ActiveRecord: 0.6ms | Allocations: 1693)


Started GET "/api/v1/games" for ::1 at 2025-02-07 16:18:04 +0100
Processing by Api::V1::GamesController#index as JSON
  Rendering api/v1/games/index.json.jbuilder
  [1m[36mGame Load (0.4ms)[0m  [1m[34mSELECT "games".* FROM "games"[0m
  ↳ app/views/api/v1/games/index.json.jbuilder:1
  Rendered api/v1/games/index.json.jbuilder (Duration: 3.3ms | Allocations: 1306)
Completed 200 OK in 4ms (Views: 3.4ms | ActiveRecord: 0.4ms | Allocations: 1673)


Started GET "/api/v1/games" for ::1 at 2025-02-07 16:20:17 +0100
  [1m[36mActiveRecord::SchemaMigration Load (0.6ms)[0m  [1m[34mSELECT "schema_migrations"."version" FROM "schema_migrations" ORDER BY "schema_migrations"."version" ASC[0m
Processing by Api::V1::GamesController#index as JSON
  Rendering api/v1/games/index.json.jbuilder
  [1m[36mGame Load (0.8ms)[0m  [1m[34mSELECT "games".* FROM "games"[0m
  ↳ app/views/api/v1/games/index.json.jbuilder:1
  Rendered api/v1/games/index.json.jbuilder (Duration: 36.3ms | Allocations: 13139)
Completed 200 OK in 56ms (Views: 28.5ms | ActiveRecord: 11.1ms | Allocations: 19254)


Started GET "/api/v1/games" for ::1 at 2025-02-07 16:20:17 +0100
Processing by Api::V1::GamesController#index as JSON
  Rendering api/v1/games/index.json.jbuilder
  [1m[36mGame Load (0.8ms)[0m  [1m[34mSELECT "games".* FROM "games"[0m
  ↳ app/views/api/v1/games/index.json.jbuilder:1
  Rendered api/v1/games/index.json.jbuilder (Duration: 5.6ms | Allocations: 1421)
Completed 200 OK in 7ms (Views: 5.6ms | ActiveRecord: 0.7ms | Allocations: 1901)


Started GET "/api/v1/games" for ::1 at 2025-02-07 16:43:28 +0100
Processing by Api::V1::GamesController#index as JSON
  Rendering api/v1/games/index.json.jbuilder
  [1m[36mGame Load (40.0ms)[0m  [1m[34mSELECT "games".* FROM "games"[0m
  ↳ app/views/api/v1/games/index.json.jbuilder:1
  Rendered api/v1/games/index.json.jbuilder (Duration: 49.6ms | Allocations: 4069)
Completed 200 OK in 53ms (Views: -5.5ms | ActiveRecord: 56.2ms | Allocations: 4446)


Started GET "/api/v1/games" for ::1 at 2025-02-07 16:43:28 +0100
Processing by Api::V1::GamesController#index as JSON
  Rendering api/v1/games/index.json.jbuilder
  [1m[36mGame Load (0.5ms)[0m  [1m[34mSELECT "games".* FROM "games"[0m
  ↳ app/views/api/v1/games/index.json.jbuilder:1
  Rendered api/v1/games/index.json.jbuilder (Duration: 4.9ms | Allocations: 1307)
Completed 200 OK in 7ms (Views: 5.2ms | ActiveRecord: 0.5ms | Allocations: 1674)


Started GET "/api/v1/games" for ::1 at 2025-02-07 16:57:08 +0100
Processing by Api::V1::GamesController#index as JSON
  Rendering api/v1/games/index.json.jbuilder
  [1m[36mGame Load (30.1ms)[0m  [1m[34mSELECT "games".* FROM "games"[0m
  ↳ app/views/api/v1/games/index.json.jbuilder:1
  Rendered api/v1/games/index.json.jbuilder (Duration: 36.2ms | Allocations: 3946)
Completed 200 OK in 38ms (Views: -4.3ms | ActiveRecord: 41.4ms | Allocations: 4323)


Started GET "/api/v1/games" for ::1 at 2025-02-07 16:57:08 +0100
Processing by Api::V1::GamesController#index as JSON
  Rendering api/v1/games/index.json.jbuilder
  [1m[36mGame Load (0.5ms)[0m  [1m[34mSELECT "games".* FROM "games"[0m
  ↳ app/views/api/v1/games/index.json.jbuilder:1
  Rendered api/v1/games/index.json.jbuilder (Duration: 3.9ms | Allocations: 1307)
Completed 200 OK in 5ms (Views: 4.1ms | ActiveRecord: 0.5ms | Allocations: 1674)


Started GET "/api/v1/games" for ::1 at 2025-02-07 17:05:37 +0100
Processing by Api::V1::GamesController#index as JSON
  Rendering api/v1/games/index.json.jbuilder
  [1m[36mGame Load (29.3ms)[0m  [1m[34mSELECT "games".* FROM "games"[0m
  ↳ app/views/api/v1/games/index.json.jbuilder:1
  Rendered api/v1/games/index.json.jbuilder (Duration: 33.3ms | Allocations: 3946)
Completed 200 OK in 36ms (Views: -4.0ms | ActiveRecord: 38.4ms | Allocations: 4323)


Started GET "/api/v1/games" for ::1 at 2025-02-07 17:05:37 +0100
Processing by Api::V1::GamesController#index as JSON
  Rendering api/v1/games/index.json.jbuilder
  [1m[36mGame Load (0.4ms)[0m  [1m[34mSELECT "games".* FROM "games"[0m
  ↳ app/views/api/v1/games/index.json.jbuilder:1
  Rendered api/v1/games/index.json.jbuilder (Duration: 2.6ms | Allocations: 1307)
Completed 200 OK in 4ms (Views: 2.7ms | ActiveRecord: 0.4ms | Allocations: 1674)


Started GET "/api/v1/games" for ::1 at 2025-02-07 17:10:01 +0100
Processing by Api::V1::GamesController#index as JSON
  Rendering api/v1/games/index.json.jbuilder
  [1m[36mGame Load (0.7ms)[0m  [1m[34mSELECT "games".* FROM "games"[0m
  ↳ app/views/api/v1/games/index.json.jbuilder:1
  Rendered api/v1/games/index.json.jbuilder (Duration: 4.5ms | Allocations: 1307)
Completed 200 OK in 6ms (Views: 4.4ms | ActiveRecord: 0.7ms | Allocations: 1674)


Started GET "/api/v1/games" for ::1 at 2025-02-07 17:10:01 +0100
Processing by Api::V1::GamesController#index as JSON
  Rendering api/v1/games/index.json.jbuilder
  [1m[36mGame Load (0.5ms)[0m  [1m[34mSELECT "games".* FROM "games"[0m
  ↳ app/views/api/v1/games/index.json.jbuilder:1
  Rendered api/v1/games/index.json.jbuilder (Duration: 4.5ms | Allocations: 1307)
Completed 200 OK in 6ms (Views: 4.7ms | ActiveRecord: 0.5ms | Allocations: 1674)


Started GET "/api/v1/games" for ::1 at 2025-02-07 17:21:31 +0100
Processing by Api::V1::GamesController#index as JSON
  Rendering api/v1/games/index.json.jbuilder
  [1m[36mGame Load (24.9ms)[0m  [1m[34mSELECT "games".* FROM "games"[0m
  ↳ app/views/api/v1/games/index.json.jbuilder:1
  Rendered api/v1/games/index.json.jbuilder (Duration: 28.3ms | Allocations: 3946)
Completed 200 OK in 30ms (Views: -4.8ms | ActiveRecord: 33.7ms | Allocations: 4323)


Started GET "/api/v1/games" for ::1 at 2025-02-07 17:21:31 +0100
Processing by Api::V1::GamesController#index as JSON
  Rendering api/v1/games/index.json.jbuilder
  [1m[36mGame Load (0.5ms)[0m  [1m[34mSELECT "games".* FROM "games"[0m
  ↳ app/views/api/v1/games/index.json.jbuilder:1
  Rendered api/v1/games/index.json.jbuilder (Duration: 3.1ms | Allocations: 1307)
Completed 200 OK in 4ms (Views: 3.1ms | ActiveRecord: 0.5ms | Allocations: 1674)


